[2025-06-02T17:45:47.671+0000] {logging_mixin.py:151} INFO - Changing /opt/***/logs/dag_id=inference_pipeline/run_id=scheduled__2025-06-01T17:45:35.560065+00:00/task_id=load_model permission to 509
[2025-06-02T17:45:47.672+0000] {logging_mixin.py:151} INFO - Failed to change /opt/***/logs/dag_id=inference_pipeline/run_id=scheduled__2025-06-01T17:45:35.560065+00:00/task_id=load_model permission to 509: [Errno 1] Operation not permitted: '/opt/***/logs/dag_id=inference_pipeline/run_id=scheduled__2025-06-01T17:45:35.560065+00:00/task_id=load_model'
[2025-06-02T17:45:47.707+0000] {logging_mixin.py:151} INFO - Changing /opt/***/logs/dag_id=inference_pipeline/run_id=scheduled__2025-06-01T17:45:35.560065+00:00/task_id=load_model permission to 509
[2025-06-02T17:45:47.708+0000] {logging_mixin.py:151} INFO - Failed to change /opt/***/logs/dag_id=inference_pipeline/run_id=scheduled__2025-06-01T17:45:35.560065+00:00/task_id=load_model permission to 509: [Errno 1] Operation not permitted: '/opt/***/logs/dag_id=inference_pipeline/run_id=scheduled__2025-06-01T17:45:35.560065+00:00/task_id=load_model'
[2025-06-02T17:45:47.758+0000] {taskinstance.py:1157} INFO - Dependencies all met for dep_context=non-requeueable deps ti=<TaskInstance: inference_pipeline.load_model scheduled__2025-06-01T17:45:35.560065+00:00 [queued]>
[2025-06-02T17:45:47.776+0000] {taskinstance.py:1157} INFO - Dependencies all met for dep_context=requeueable deps ti=<TaskInstance: inference_pipeline.load_model scheduled__2025-06-01T17:45:35.560065+00:00 [queued]>
[2025-06-02T17:45:47.777+0000] {taskinstance.py:1359} INFO - Starting attempt 1 of 2
[2025-06-02T17:45:47.796+0000] {taskinstance.py:1380} INFO - Executing <Task(PythonOperator): load_model> on 2025-06-01 17:45:35.560065+00:00
[2025-06-02T17:45:47.802+0000] {standard_task_runner.py:57} INFO - Started process 196 to run task
[2025-06-02T17:45:47.808+0000] {standard_task_runner.py:84} INFO - Running: ['***', 'tasks', 'run', 'inference_pipeline', 'load_model', 'scheduled__2025-06-01T17:45:35.560065+00:00', '--job-id', '4', '--raw', '--subdir', 'DAGS_FOLDER/inference_dag.py', '--cfg-path', '/tmp/tmpdx8kovrc']
[2025-06-02T17:45:47.811+0000] {standard_task_runner.py:85} INFO - Job 4: Subtask load_model
[2025-06-02T17:45:47.871+0000] {logging_mixin.py:151} INFO - Changing /opt/***/logs/dag_id=inference_pipeline/run_id=scheduled__2025-06-01T17:45:35.560065+00:00/task_id=load_model permission to 509
[2025-06-02T17:45:47.871+0000] {logging_mixin.py:151} INFO - Failed to change /opt/***/logs/dag_id=inference_pipeline/run_id=scheduled__2025-06-01T17:45:35.560065+00:00/task_id=load_model permission to 509: [Errno 1] Operation not permitted: '/opt/***/logs/dag_id=inference_pipeline/run_id=scheduled__2025-06-01T17:45:35.560065+00:00/task_id=load_model'
[2025-06-02T17:45:47.872+0000] {task_command.py:415} INFO - Running <TaskInstance: inference_pipeline.load_model scheduled__2025-06-01T17:45:35.560065+00:00 [running]> on host 959207c5aef9
[2025-06-02T17:45:47.953+0000] {taskinstance.py:1660} INFO - Exporting env vars: AIRFLOW_CTX_DAG_OWNER='***' AIRFLOW_CTX_DAG_ID='inference_pipeline' AIRFLOW_CTX_TASK_ID='load_model' AIRFLOW_CTX_EXECUTION_DATE='2025-06-01T17:45:35.560065+00:00' AIRFLOW_CTX_TRY_NUMBER='1' AIRFLOW_CTX_DAG_RUN_ID='scheduled__2025-06-01T17:45:35.560065+00:00'
[2025-06-02T17:45:47.955+0000] {logging_mixin.py:151} INFO - Модель не найдена по пути /opt/***/data/model.pkl. Создание новой модели...
[2025-06-02T17:45:49.071+0000] {logging_mixin.py:151} INFO - Новая модель сохранена в /opt/***/data/model.pkl
[2025-06-02T17:45:49.072+0000] {python.py:194} INFO - Done. Returned value was: /opt/***/data/model.pkl
[2025-06-02T17:45:49.105+0000] {taskinstance.py:1398} INFO - Marking task as SUCCESS. dag_id=inference_pipeline, task_id=load_model, execution_date=20250601T174535, start_date=20250602T174547, end_date=20250602T174549
[2025-06-02T17:45:49.147+0000] {local_task_job_runner.py:228} INFO - Task exited with return code 0
[2025-06-02T17:45:49.177+0000] {taskinstance.py:2776} INFO - 1 downstream tasks scheduled from follow-on schedule check
