[2025-06-02T17:45:45.958+0000] {logging_mixin.py:151} INFO - Changing /opt/***/logs/dag_id=training_pipeline/run_id=scheduled__2025-06-01T17:45:38.549225+00:00/task_id=load_data permission to 509
[2025-06-02T17:45:45.959+0000] {logging_mixin.py:151} INFO - Failed to change /opt/***/logs/dag_id=training_pipeline/run_id=scheduled__2025-06-01T17:45:38.549225+00:00/task_id=load_data permission to 509: [Errno 1] Operation not permitted: '/opt/***/logs/dag_id=training_pipeline/run_id=scheduled__2025-06-01T17:45:38.549225+00:00/task_id=load_data'
[2025-06-02T17:45:45.991+0000] {logging_mixin.py:151} INFO - Changing /opt/***/logs/dag_id=training_pipeline/run_id=scheduled__2025-06-01T17:45:38.549225+00:00/task_id=load_data permission to 509
[2025-06-02T17:45:45.991+0000] {logging_mixin.py:151} INFO - Failed to change /opt/***/logs/dag_id=training_pipeline/run_id=scheduled__2025-06-01T17:45:38.549225+00:00/task_id=load_data permission to 509: [Errno 1] Operation not permitted: '/opt/***/logs/dag_id=training_pipeline/run_id=scheduled__2025-06-01T17:45:38.549225+00:00/task_id=load_data'
[2025-06-02T17:45:46.044+0000] {taskinstance.py:1157} INFO - Dependencies all met for dep_context=non-requeueable deps ti=<TaskInstance: training_pipeline.load_data scheduled__2025-06-01T17:45:38.549225+00:00 [queued]>
[2025-06-02T17:45:46.062+0000] {taskinstance.py:1157} INFO - Dependencies all met for dep_context=requeueable deps ti=<TaskInstance: training_pipeline.load_data scheduled__2025-06-01T17:45:38.549225+00:00 [queued]>
[2025-06-02T17:45:46.063+0000] {taskinstance.py:1359} INFO - Starting attempt 1 of 2
[2025-06-02T17:45:46.096+0000] {taskinstance.py:1380} INFO - Executing <Task(PythonOperator): load_data> on 2025-06-01 17:45:38.549225+00:00
[2025-06-02T17:45:46.105+0000] {standard_task_runner.py:57} INFO - Started process 192 to run task
[2025-06-02T17:45:46.111+0000] {standard_task_runner.py:84} INFO - Running: ['***', 'tasks', 'run', 'training_pipeline', 'load_data', 'scheduled__2025-06-01T17:45:38.549225+00:00', '--job-id', '3', '--raw', '--subdir', 'DAGS_FOLDER/training_dag.py', '--cfg-path', '/tmp/tmp11jx66br']
[2025-06-02T17:45:46.114+0000] {standard_task_runner.py:85} INFO - Job 3: Subtask load_data
[2025-06-02T17:45:46.185+0000] {logging_mixin.py:151} INFO - Changing /opt/***/logs/dag_id=training_pipeline/run_id=scheduled__2025-06-01T17:45:38.549225+00:00/task_id=load_data permission to 509
[2025-06-02T17:45:46.186+0000] {logging_mixin.py:151} INFO - Failed to change /opt/***/logs/dag_id=training_pipeline/run_id=scheduled__2025-06-01T17:45:38.549225+00:00/task_id=load_data permission to 509: [Errno 1] Operation not permitted: '/opt/***/logs/dag_id=training_pipeline/run_id=scheduled__2025-06-01T17:45:38.549225+00:00/task_id=load_data'
[2025-06-02T17:45:46.189+0000] {task_command.py:415} INFO - Running <TaskInstance: training_pipeline.load_data scheduled__2025-06-01T17:45:38.549225+00:00 [running]> on host 959207c5aef9
[2025-06-02T17:45:46.325+0000] {taskinstance.py:1660} INFO - Exporting env vars: AIRFLOW_CTX_DAG_OWNER='***' AIRFLOW_CTX_DAG_ID='training_pipeline' AIRFLOW_CTX_TASK_ID='load_data' AIRFLOW_CTX_EXECUTION_DATE='2025-06-01T17:45:38.549225+00:00' AIRFLOW_CTX_TRY_NUMBER='1' AIRFLOW_CTX_DAG_RUN_ID='scheduled__2025-06-01T17:45:38.549225+00:00'
[2025-06-02T17:45:46.371+0000] {logging_mixin.py:151} INFO - Данные сохранены в /opt/***/data/train_data.csv
[2025-06-02T17:45:46.371+0000] {python.py:194} INFO - Done. Returned value was: /opt/***/data/train_data.csv
[2025-06-02T17:45:46.395+0000] {taskinstance.py:1398} INFO - Marking task as SUCCESS. dag_id=training_pipeline, task_id=load_data, execution_date=20250601T174538, start_date=20250602T174546, end_date=20250602T174546
[2025-06-02T17:45:46.451+0000] {local_task_job_runner.py:228} INFO - Task exited with return code 0
[2025-06-02T17:45:46.482+0000] {taskinstance.py:2776} INFO - 1 downstream tasks scheduled from follow-on schedule check
