[2025-06-02T17:04:18.061+0000] {manager.py:487} INFO - Processing files using up to 2 processes at a time 
[2025-06-02T17:04:18.061+0000] {manager.py:488} INFO - Process each file at most once every 30 seconds
[2025-06-02T17:04:18.061+0000] {manager.py:489} INFO - Checking for new files in /opt/airflow/dags every 300 seconds
[2025-06-02T17:04:18.062+0000] {manager.py:759} INFO - Searching for files in /opt/airflow/dags
[2025-06-02T17:04:18.078+0000] {manager.py:762} INFO - There are 2 files in /opt/airflow/dags
[2025-06-02T17:04:18.730+0000] {manager.py:893} INFO - 
================================================================================
DAG File Processing Stats

File Path                             PID  Runtime      # DAGs    # Errors  Last Runtime    Last Run
----------------------------------  -----  ---------  --------  ----------  --------------  ----------
/opt/airflow/dags/training_dag.py     160  0.59s             0           0
/opt/airflow/dags/inference_dag.py    163  0.57s             0           0
================================================================================
[2025-06-02T17:04:49.541+0000] {manager.py:893} INFO - 
================================================================================
DAG File Processing Stats

File Path                           PID    Runtime      # DAGs    # Errors  Last Runtime    Last Run
----------------------------------  -----  ---------  --------  ----------  --------------  -------------------
/opt/airflow/dags/training_dag.py                            0           1  4.59s           2025-06-02T17:04:22
/opt/airflow/dags/inference_dag.py                           1           0  5.26s           2025-06-02T17:04:23
================================================================================
[2025-06-02T17:05:19.740+0000] {manager.py:893} INFO - 
================================================================================
DAG File Processing Stats

File Path                           PID    Runtime      # DAGs    # Errors  Last Runtime    Last Run
----------------------------------  -----  ---------  --------  ----------  --------------  -------------------
/opt/airflow/dags/training_dag.py                            0           1  2.27s           2025-06-02T17:04:55
/opt/airflow/dags/inference_dag.py                           1           0  1.32s           2025-06-02T17:04:55
================================================================================
[2025-06-02T17:05:49.876+0000] {manager.py:893} INFO - 
================================================================================
DAG File Processing Stats

File Path                           PID    Runtime      # DAGs    # Errors  Last Runtime    Last Run
----------------------------------  -----  ---------  --------  ----------  --------------  -------------------
/opt/airflow/dags/training_dag.py                            0           1  0.53s           2025-06-02T17:05:26
/opt/airflow/dags/inference_dag.py                           1           0  0.59s           2025-06-02T17:05:26
================================================================================
[2025-06-02T17:06:20.530+0000] {manager.py:893} INFO - 
================================================================================
DAG File Processing Stats

File Path                           PID    Runtime      # DAGs    # Errors  Last Runtime    Last Run
----------------------------------  -----  ---------  --------  ----------  --------------  -------------------
/opt/airflow/dags/training_dag.py                            0           1  0.54s           2025-06-02T17:05:57
/opt/airflow/dags/inference_dag.py                           1           0  0.59s           2025-06-02T17:05:57
================================================================================
[2025-06-02T17:06:50.702+0000] {manager.py:893} INFO - 
================================================================================
DAG File Processing Stats

File Path                           PID    Runtime      # DAGs    # Errors  Last Runtime    Last Run
----------------------------------  -----  ---------  --------  ----------  --------------  -------------------
/opt/airflow/dags/training_dag.py                            0           1  0.43s           2025-06-02T17:06:27
/opt/airflow/dags/inference_dag.py                           1           0  0.44s           2025-06-02T17:06:28
================================================================================
[2025-06-02T17:07:21.129+0000] {manager.py:893} INFO - 
================================================================================
DAG File Processing Stats

File Path                           PID    Runtime      # DAGs    # Errors  Last Runtime    Last Run
----------------------------------  -----  ---------  --------  ----------  --------------  -------------------
/opt/airflow/dags/training_dag.py                            0           1  0.38s           2025-06-02T17:06:58
/opt/airflow/dags/inference_dag.py                           1           0  0.46s           2025-06-02T17:06:58
================================================================================
[2025-06-02T17:07:51.716+0000] {manager.py:893} INFO - 
================================================================================
DAG File Processing Stats

File Path                           PID    Runtime      # DAGs    # Errors  Last Runtime    Last Run
----------------------------------  -----  ---------  --------  ----------  --------------  -------------------
/opt/airflow/dags/training_dag.py                            0           1  0.42s           2025-06-02T17:07:29
/opt/airflow/dags/inference_dag.py                           1           0  0.45s           2025-06-02T17:07:29
================================================================================
[2025-06-02T17:08:22.606+0000] {manager.py:893} INFO - 
================================================================================
DAG File Processing Stats

File Path                           PID    Runtime      # DAGs    # Errors  Last Runtime    Last Run
----------------------------------  -----  ---------  --------  ----------  --------------  -------------------
/opt/airflow/dags/training_dag.py                            0           1  0.78s           2025-06-02T17:08:00
/opt/airflow/dags/inference_dag.py                           1           0  0.72s           2025-06-02T17:08:00
================================================================================
[2025-06-02T17:08:53.266+0000] {manager.py:893} INFO - 
================================================================================
DAG File Processing Stats

File Path                           PID    Runtime      # DAGs    # Errors  Last Runtime    Last Run
----------------------------------  -----  ---------  --------  ----------  --------------  -------------------
/opt/airflow/dags/training_dag.py                            0           1  0.48s           2025-06-02T17:08:31
/opt/airflow/dags/inference_dag.py                           1           0  0.63s           2025-06-02T17:08:31
================================================================================
[2025-06-02T17:09:18.331+0000] {manager.py:759} INFO - Searching for files in /opt/airflow/dags
[2025-06-02T17:09:18.347+0000] {manager.py:762} INFO - There are 2 files in /opt/airflow/dags
[2025-06-02T17:09:23.380+0000] {manager.py:893} INFO - 
================================================================================
DAG File Processing Stats

File Path                           PID    Runtime      # DAGs    # Errors  Last Runtime    Last Run
----------------------------------  -----  ---------  --------  ----------  --------------  -------------------
/opt/airflow/dags/training_dag.py                            0           1  0.46s           2025-06-02T17:09:01
/opt/airflow/dags/inference_dag.py                           1           0  0.65s           2025-06-02T17:09:01
================================================================================
[2025-06-02T17:09:53.543+0000] {manager.py:893} INFO - 
================================================================================
DAG File Processing Stats

File Path                           PID    Runtime      # DAGs    # Errors  Last Runtime    Last Run
----------------------------------  -----  ---------  --------  ----------  --------------  -------------------
/opt/airflow/dags/training_dag.py                            0           1  0.73s           2025-06-02T17:09:33
/opt/airflow/dags/inference_dag.py                           1           0  0.77s           2025-06-02T17:09:33
================================================================================
[2025-06-02T17:10:24.038+0000] {manager.py:893} INFO - 
================================================================================
DAG File Processing Stats

File Path                           PID    Runtime      # DAGs    # Errors  Last Runtime    Last Run
----------------------------------  -----  ---------  --------  ----------  --------------  -------------------
/opt/airflow/dags/training_dag.py                            0           1  0.53s           2025-06-02T17:10:03
/opt/airflow/dags/inference_dag.py                           1           0  0.64s           2025-06-02T17:10:04
================================================================================
[2025-06-02T17:10:54.476+0000] {manager.py:893} INFO - 
================================================================================
DAG File Processing Stats

File Path                           PID    Runtime      # DAGs    # Errors  Last Runtime    Last Run
----------------------------------  -----  ---------  --------  ----------  --------------  -------------------
/opt/airflow/dags/training_dag.py                            0           1  1.34s           2025-06-02T17:10:36
/opt/airflow/dags/inference_dag.py                           1           0  1.39s           2025-06-02T17:10:36
================================================================================
[2025-06-02T17:11:24.481+0000] {manager.py:893} INFO - 
================================================================================
DAG File Processing Stats

File Path                           PID    Runtime      # DAGs    # Errors  Last Runtime    Last Run
----------------------------------  -----  ---------  --------  ----------  --------------  -------------------
/opt/airflow/dags/training_dag.py                            0           1  0.42s           2025-06-02T17:11:06
/opt/airflow/dags/inference_dag.py                           1           0  0.48s           2025-06-02T17:11:07
================================================================================
[2025-06-02T17:11:54.552+0000] {manager.py:893} INFO - 
================================================================================
DAG File Processing Stats

File Path                           PID    Runtime      # DAGs    # Errors  Last Runtime    Last Run
----------------------------------  -----  ---------  --------  ----------  --------------  -------------------
/opt/airflow/dags/training_dag.py                            0           1  0.54s           2025-06-02T17:11:38
/opt/airflow/dags/inference_dag.py                           1           0  0.57s           2025-06-02T17:11:38
================================================================================
[2025-06-02T17:12:24.694+0000] {manager.py:893} INFO - 
================================================================================
DAG File Processing Stats

File Path                           PID    Runtime      # DAGs    # Errors  Last Runtime    Last Run
----------------------------------  -----  ---------  --------  ----------  --------------  -------------------
/opt/airflow/dags/training_dag.py                            0           1  0.31s           2025-06-02T17:12:08
/opt/airflow/dags/inference_dag.py                           1           0  0.35s           2025-06-02T17:12:08
================================================================================
[2025-06-02T17:12:54.876+0000] {manager.py:893} INFO - 
================================================================================
DAG File Processing Stats

File Path                           PID    Runtime      # DAGs    # Errors  Last Runtime    Last Run
----------------------------------  -----  ---------  --------  ----------  --------------  -------------------
/opt/airflow/dags/training_dag.py                            0           1  0.37s           2025-06-02T17:12:39
/opt/airflow/dags/inference_dag.py                           1           0  0.47s           2025-06-02T17:12:39
================================================================================
[2025-06-02T17:13:25.475+0000] {manager.py:893} INFO - 
================================================================================
DAG File Processing Stats

File Path                           PID    Runtime      # DAGs    # Errors  Last Runtime    Last Run
----------------------------------  -----  ---------  --------  ----------  --------------  -------------------
/opt/airflow/dags/training_dag.py                            0           1  1.37s           2025-06-02T17:13:11
/opt/airflow/dags/inference_dag.py                           1           0  1.42s           2025-06-02T17:13:11
================================================================================
[2025-06-02T17:13:56.196+0000] {manager.py:893} INFO - 
================================================================================
DAG File Processing Stats

File Path                           PID    Runtime      # DAGs    # Errors  Last Runtime    Last Run
----------------------------------  -----  ---------  --------  ----------  --------------  -------------------
/opt/airflow/dags/training_dag.py                            0           1  0.53s           2025-06-02T17:13:42
/opt/airflow/dags/inference_dag.py                           1           0  0.64s           2025-06-02T17:13:42
================================================================================
[2025-06-02T17:14:18.980+0000] {manager.py:759} INFO - Searching for files in /opt/airflow/dags
[2025-06-02T17:14:18.995+0000] {manager.py:762} INFO - There are 2 files in /opt/airflow/dags
[2025-06-02T17:14:27.042+0000] {manager.py:893} INFO - 
================================================================================
DAG File Processing Stats

File Path                           PID    Runtime      # DAGs    # Errors  Last Runtime    Last Run
----------------------------------  -----  ---------  --------  ----------  --------------  -------------------
/opt/airflow/dags/training_dag.py                            0           1  0.62s           2025-06-02T17:14:12
/opt/airflow/dags/inference_dag.py                           1           0  0.66s           2025-06-02T17:14:12
================================================================================
[2025-06-02T17:14:57.172+0000] {manager.py:893} INFO - 
================================================================================
DAG File Processing Stats

File Path                           PID    Runtime      # DAGs    # Errors  Last Runtime    Last Run
----------------------------------  -----  ---------  --------  ----------  --------------  -------------------
/opt/airflow/dags/training_dag.py                            0           1  2.91s           2025-06-02T17:14:46
/opt/airflow/dags/inference_dag.py                           1           0  3.79s           2025-06-02T17:14:46
================================================================================
[2025-06-02T17:15:27.830+0000] {manager.py:893} INFO - 
================================================================================
DAG File Processing Stats

File Path                           PID    Runtime      # DAGs    # Errors  Last Runtime    Last Run
----------------------------------  -----  ---------  --------  ----------  --------------  -------------------
/opt/airflow/dags/training_dag.py                            0           1  0.43s           2025-06-02T17:15:16
/opt/airflow/dags/inference_dag.py                           1           0  0.41s           2025-06-02T17:15:17
================================================================================
[2025-06-02T17:15:58.049+0000] {manager.py:893} INFO - 
================================================================================
DAG File Processing Stats

File Path                           PID    Runtime      # DAGs    # Errors  Last Runtime    Last Run
----------------------------------  -----  ---------  --------  ----------  --------------  -------------------
/opt/airflow/dags/training_dag.py                            0           1  0.39s           2025-06-02T17:15:47
/opt/airflow/dags/inference_dag.py                           1           0  0.36s           2025-06-02T17:15:48
================================================================================
[2025-06-02T17:16:28.587+0000] {manager.py:893} INFO - 
================================================================================
DAG File Processing Stats

File Path                           PID    Runtime      # DAGs    # Errors  Last Runtime    Last Run
----------------------------------  -----  ---------  --------  ----------  --------------  -------------------
/opt/airflow/dags/training_dag.py                            0           1  0.38s           2025-06-02T17:16:17
/opt/airflow/dags/inference_dag.py                           1           0  0.38s           2025-06-02T17:16:18
================================================================================
[2025-06-02T17:16:48.591+0000] {manager.py:469} INFO - Exiting gracefully upon receiving signal 15
[2025-06-02T17:17:04.673+0000] {manager.py:487} INFO - Processing files using up to 2 processes at a time 
[2025-06-02T17:17:04.685+0000] {manager.py:488} INFO - Process each file at most once every 30 seconds
[2025-06-02T17:17:04.689+0000] {manager.py:489} INFO - Checking for new files in /opt/airflow/dags every 300 seconds
[2025-06-02T17:17:04.689+0000] {manager.py:759} INFO - Searching for files in /opt/airflow/dags
[2025-06-02T17:17:04.704+0000] {manager.py:762} INFO - There are 2 files in /opt/airflow/dags
[2025-06-02T17:17:04.874+0000] {manager.py:893} INFO - 
================================================================================
DAG File Processing Stats

File Path                             PID  Runtime      # DAGs    # Errors  Last Runtime    Last Run
----------------------------------  -----  ---------  --------  ----------  --------------  ----------
/opt/airflow/dags/training_dag.py     161  0.11s             0           0
/opt/airflow/dags/inference_dag.py    164  0.10s             0           0
================================================================================
[2025-06-02T17:17:35.622+0000] {manager.py:893} INFO - 
================================================================================
DAG File Processing Stats

File Path                           PID    Runtime      # DAGs    # Errors  Last Runtime    Last Run
----------------------------------  -----  ---------  --------  ----------  --------------  -------------------
/opt/airflow/dags/training_dag.py                            0           1  1.70s           2025-06-02T17:17:06
/opt/airflow/dags/inference_dag.py                           1           0  1.77s           2025-06-02T17:17:06
================================================================================
[2025-06-02T17:18:05.719+0000] {manager.py:893} INFO - 
================================================================================
DAG File Processing Stats

File Path                           PID    Runtime      # DAGs    # Errors  Last Runtime    Last Run
----------------------------------  -----  ---------  --------  ----------  --------------  -------------------
/opt/airflow/dags/training_dag.py                            0           1  0.90s           2025-06-02T17:17:37
/opt/airflow/dags/inference_dag.py                           1           0  0.92s           2025-06-02T17:17:37
================================================================================
[2025-06-02T17:18:35.866+0000] {manager.py:893} INFO - 
================================================================================
DAG File Processing Stats

File Path                           PID    Runtime      # DAGs    # Errors  Last Runtime    Last Run
----------------------------------  -----  ---------  --------  ----------  --------------  -------------------
/opt/airflow/dags/training_dag.py                            0           1  0.75s           2025-06-02T17:18:08
/opt/airflow/dags/inference_dag.py                           1           0  0.79s           2025-06-02T17:18:08
================================================================================
[2025-06-02T17:19:06.130+0000] {manager.py:893} INFO - 
================================================================================
DAG File Processing Stats

File Path                           PID    Runtime      # DAGs    # Errors  Last Runtime    Last Run
----------------------------------  -----  ---------  --------  ----------  --------------  -------------------
/opt/airflow/dags/training_dag.py                            0           1  2.45s           2025-06-02T17:18:41
/opt/airflow/dags/inference_dag.py                           1           0  2.14s           2025-06-02T17:18:41
================================================================================
[2025-06-02T17:19:36.866+0000] {manager.py:893} INFO - 
================================================================================
DAG File Processing Stats

File Path                           PID    Runtime      # DAGs    # Errors  Last Runtime    Last Run
----------------------------------  -----  ---------  --------  ----------  --------------  -------------------
/opt/airflow/dags/training_dag.py                            0           1  0.56s           2025-06-02T17:19:12
/opt/airflow/dags/inference_dag.py                           1           0  0.62s           2025-06-02T17:19:12
================================================================================
[2025-06-02T17:20:07.725+0000] {manager.py:893} INFO - 
================================================================================
DAG File Processing Stats

File Path                           PID    Runtime      # DAGs    # Errors  Last Runtime    Last Run
----------------------------------  -----  ---------  --------  ----------  --------------  -------------------
/opt/airflow/dags/training_dag.py                            0           1  0.64s           2025-06-02T17:19:43
/opt/airflow/dags/inference_dag.py                           1           0  0.67s           2025-06-02T17:19:43
================================================================================
[2025-06-02T17:20:38.397+0000] {manager.py:893} INFO - 
================================================================================
DAG File Processing Stats

File Path                           PID    Runtime      # DAGs    # Errors  Last Runtime    Last Run
----------------------------------  -----  ---------  --------  ----------  --------------  -------------------
/opt/airflow/dags/training_dag.py                            0           1  0.37s           2025-06-02T17:20:14
/opt/airflow/dags/inference_dag.py                           1           0  0.42s           2025-06-02T17:20:14
================================================================================
[2025-06-02T17:21:08.493+0000] {manager.py:893} INFO - 
================================================================================
DAG File Processing Stats

File Path                           PID    Runtime      # DAGs    # Errors  Last Runtime    Last Run
----------------------------------  -----  ---------  --------  ----------  --------------  -------------------
/opt/airflow/dags/training_dag.py                            0           1  0.52s           2025-06-02T17:20:44
/opt/airflow/dags/inference_dag.py                           1           0  0.54s           2025-06-02T17:20:45
================================================================================
[2025-06-02T17:21:14.082+0000] {manager.py:469} INFO - Exiting gracefully upon receiving signal 15
[2025-06-02T17:44:54.294+0000] {manager.py:487} INFO - Processing files using up to 2 processes at a time 
[2025-06-02T17:44:54.294+0000] {manager.py:488} INFO - Process each file at most once every 30 seconds
[2025-06-02T17:44:54.295+0000] {manager.py:489} INFO - Checking for new files in /opt/airflow/dags every 300 seconds
[2025-06-02T17:44:54.295+0000] {manager.py:759} INFO - Searching for files in /opt/airflow/dags
[2025-06-02T17:44:54.328+0000] {manager.py:762} INFO - There are 2 files in /opt/airflow/dags
[2025-06-02T17:44:54.716+0000] {manager.py:893} INFO - 
================================================================================
DAG File Processing Stats

File Path                             PID  Runtime      # DAGs    # Errors  Last Runtime    Last Run
----------------------------------  -----  ---------  --------  ----------  --------------  ----------
/opt/airflow/dags/training_dag.py     159  0.19s             0           0
/opt/airflow/dags/inference_dag.py    162  0.14s             0           0
================================================================================
[2025-06-02T17:45:25.614+0000] {manager.py:893} INFO - 
================================================================================
DAG File Processing Stats

File Path                           PID    Runtime      # DAGs    # Errors  Last Runtime    Last Run
----------------------------------  -----  ---------  --------  ----------  --------------  -------------------
/opt/airflow/dags/training_dag.py                            1           0  7.48s           2025-06-02T17:45:02
/opt/airflow/dags/inference_dag.py                           1           0  6.08s           2025-06-02T17:45:00
================================================================================
[2025-06-02T17:45:55.998+0000] {manager.py:893} INFO - 
================================================================================
DAG File Processing Stats

File Path                           PID    Runtime      # DAGs    # Errors  Last Runtime    Last Run
----------------------------------  -----  ---------  --------  ----------  --------------  -------------------
/opt/airflow/dags/training_dag.py                            1           0  5.92s           2025-06-02T17:45:38
/opt/airflow/dags/inference_dag.py                           1           0  3.98s           2025-06-02T17:45:35
================================================================================
[2025-06-02T17:46:26.370+0000] {manager.py:893} INFO - 
================================================================================
DAG File Processing Stats

File Path                           PID    Runtime      # DAGs    # Errors  Last Runtime    Last Run
----------------------------------  -----  ---------  --------  ----------  --------------  -------------------
/opt/airflow/dags/training_dag.py                            1           0  2.31s           2025-06-02T17:46:11
/opt/airflow/dags/inference_dag.py                           1           0  1.52s           2025-06-02T17:46:07
================================================================================
[2025-06-02T17:46:56.669+0000] {manager.py:893} INFO - 
================================================================================
DAG File Processing Stats

File Path                           PID    Runtime      # DAGs    # Errors  Last Runtime    Last Run
----------------------------------  -----  ---------  --------  ----------  --------------  -------------------
/opt/airflow/dags/training_dag.py                            1           0  0.98s           2025-06-02T17:46:42
/opt/airflow/dags/inference_dag.py                           1           0  0.42s           2025-06-02T17:46:38
================================================================================
[2025-06-02T17:47:27.067+0000] {manager.py:893} INFO - 
================================================================================
DAG File Processing Stats

File Path                           PID    Runtime      # DAGs    # Errors  Last Runtime    Last Run
----------------------------------  -----  ---------  --------  ----------  --------------  -------------------
/opt/airflow/dags/training_dag.py                            1           0  0.96s           2025-06-02T17:47:13
/opt/airflow/dags/inference_dag.py                           1           0  0.44s           2025-06-02T17:47:09
================================================================================
[2025-06-02T17:47:57.105+0000] {manager.py:893} INFO - 
================================================================================
DAG File Processing Stats

File Path                           PID    Runtime      # DAGs    # Errors  Last Runtime    Last Run
----------------------------------  -----  ---------  --------  ----------  --------------  -------------------
/opt/airflow/dags/training_dag.py                            1           0  0.96s           2025-06-02T17:47:45
/opt/airflow/dags/inference_dag.py                           1           0  0.46s           2025-06-02T17:47:40
================================================================================
[2025-06-02T17:48:27.463+0000] {manager.py:893} INFO - 
================================================================================
DAG File Processing Stats

File Path                           PID    Runtime      # DAGs    # Errors  Last Runtime    Last Run
----------------------------------  -----  ---------  --------  ----------  --------------  -------------------
/opt/airflow/dags/training_dag.py                            1           0  1.12s           2025-06-02T17:48:16
/opt/airflow/dags/inference_dag.py                           1           0  0.42s           2025-06-02T17:48:10
================================================================================
[2025-06-02T17:48:57.565+0000] {manager.py:893} INFO - 
================================================================================
DAG File Processing Stats

File Path                           PID    Runtime      # DAGs    # Errors  Last Runtime    Last Run
----------------------------------  -----  ---------  --------  ----------  --------------  -------------------
/opt/airflow/dags/training_dag.py                            1           0  0.90s           2025-06-02T17:48:47
/opt/airflow/dags/inference_dag.py                           1           0  0.40s           2025-06-02T17:48:41
================================================================================
[2025-06-02T17:49:27.954+0000] {manager.py:893} INFO - 
================================================================================
DAG File Processing Stats

File Path                           PID    Runtime      # DAGs    # Errors  Last Runtime    Last Run
----------------------------------  -----  ---------  --------  ----------  --------------  -------------------
/opt/airflow/dags/training_dag.py                            1           0  1.01s           2025-06-02T17:49:18
/opt/airflow/dags/inference_dag.py                           1           0  0.41s           2025-06-02T17:49:12
================================================================================
[2025-06-02T17:49:54.539+0000] {manager.py:759} INFO - Searching for files in /opt/airflow/dags
[2025-06-02T17:49:54.557+0000] {manager.py:762} INFO - There are 2 files in /opt/airflow/dags
[2025-06-02T17:49:58.078+0000] {manager.py:893} INFO - 
================================================================================
DAG File Processing Stats

File Path                           PID    Runtime      # DAGs    # Errors  Last Runtime    Last Run
----------------------------------  -----  ---------  --------  ----------  --------------  -------------------
/opt/airflow/dags/training_dag.py                            1           0  0.97s           2025-06-02T17:49:50
/opt/airflow/dags/inference_dag.py                           1           0  0.41s           2025-06-02T17:49:43
================================================================================
[2025-06-02T17:50:28.084+0000] {manager.py:893} INFO - 
================================================================================
DAG File Processing Stats

File Path                           PID    Runtime      # DAGs    # Errors  Last Runtime    Last Run
----------------------------------  -----  ---------  --------  ----------  --------------  -------------------
/opt/airflow/dags/training_dag.py                            1           0  0.89s           2025-06-02T17:50:21
/opt/airflow/dags/inference_dag.py                           1           0  0.44s           2025-06-02T17:50:14
================================================================================
[2025-06-02T17:50:58.696+0000] {manager.py:893} INFO - 
================================================================================
DAG File Processing Stats

File Path                           PID    Runtime      # DAGs    # Errors  Last Runtime    Last Run
----------------------------------  -----  ---------  --------  ----------  --------------  -------------------
/opt/airflow/dags/training_dag.py                            1           0  2.68s           2025-06-02T17:50:53
/opt/airflow/dags/inference_dag.py                           1           0  0.41s           2025-06-02T17:50:44
================================================================================
[2025-06-02T17:51:28.848+0000] {manager.py:893} INFO - 
================================================================================
DAG File Processing Stats

File Path                           PID    Runtime      # DAGs    # Errors  Last Runtime    Last Run
----------------------------------  -----  ---------  --------  ----------  --------------  -------------------
/opt/airflow/dags/training_dag.py                            1           0  0.88s           2025-06-02T17:51:25
/opt/airflow/dags/inference_dag.py                           1           0  0.40s           2025-06-02T17:51:15
================================================================================
[2025-06-02T17:51:59.316+0000] {manager.py:893} INFO - 
================================================================================
DAG File Processing Stats

File Path                           PID    Runtime      # DAGs    # Errors  Last Runtime    Last Run
----------------------------------  -----  ---------  --------  ----------  --------------  -------------------
/opt/airflow/dags/training_dag.py                            1           0  1.26s           2025-06-02T17:51:56
/opt/airflow/dags/inference_dag.py                           1           0  0.44s           2025-06-02T17:51:45
================================================================================
[2025-06-02T17:52:29.799+0000] {manager.py:893} INFO - 
================================================================================
DAG File Processing Stats

File Path                           PID    Runtime      # DAGs    # Errors  Last Runtime    Last Run
----------------------------------  -----  ---------  --------  ----------  --------------  -------------------
/opt/airflow/dags/training_dag.py                            1           0  0.96s           2025-06-02T17:52:27
/opt/airflow/dags/inference_dag.py                           1           0  0.46s           2025-06-02T17:52:16
================================================================================
[2025-06-02T17:52:59.912+0000] {manager.py:893} INFO - 
================================================================================
DAG File Processing Stats

File Path                           PID    Runtime      # DAGs    # Errors  Last Runtime    Last Run
----------------------------------  -----  ---------  --------  ----------  --------------  -------------------
/opt/airflow/dags/training_dag.py                            1           0  0.99s           2025-06-02T17:52:58
/opt/airflow/dags/inference_dag.py                           1           0  0.45s           2025-06-02T17:52:46
================================================================================
[2025-06-02T17:53:30.376+0000] {manager.py:893} INFO - 
================================================================================
DAG File Processing Stats

File Path                           PID    Runtime      # DAGs    # Errors  Last Runtime    Last Run
----------------------------------  -----  ---------  --------  ----------  --------------  -------------------
/opt/airflow/dags/training_dag.py                            1           0  0.95s           2025-06-02T17:53:30
/opt/airflow/dags/inference_dag.py                           1           0  0.42s           2025-06-02T17:53:17
================================================================================
[2025-06-02T17:54:00.509+0000] {manager.py:893} INFO - 
================================================================================
DAG File Processing Stats

File Path                             PID  Runtime      # DAGs    # Errors  Last Runtime    Last Run
----------------------------------  -----  ---------  --------  ----------  --------------  -------------------
/opt/airflow/dags/training_dag.py     417  0.00s             1           0  0.95s           2025-06-02T17:53:30
/opt/airflow/dags/inference_dag.py                           1           0  0.47s           2025-06-02T17:53:48
================================================================================
[2025-06-02T17:54:30.603+0000] {manager.py:893} INFO - 
================================================================================
DAG File Processing Stats

File Path                           PID    Runtime      # DAGs    # Errors  Last Runtime    Last Run
----------------------------------  -----  ---------  --------  ----------  --------------  -------------------
/opt/airflow/dags/training_dag.py                            1           0  0.93s           2025-06-02T17:54:01
/opt/airflow/dags/inference_dag.py                           1           0  0.46s           2025-06-02T17:54:18
================================================================================
[2025-06-02T17:54:54.657+0000] {manager.py:759} INFO - Searching for files in /opt/airflow/dags
[2025-06-02T17:54:54.674+0000] {manager.py:762} INFO - There are 2 files in /opt/airflow/dags
[2025-06-02T17:55:00.712+0000] {manager.py:893} INFO - 
================================================================================
DAG File Processing Stats

File Path                           PID    Runtime      # DAGs    # Errors  Last Runtime    Last Run
----------------------------------  -----  ---------  --------  ----------  --------------  -------------------
/opt/airflow/dags/training_dag.py                            1           0  0.97s           2025-06-02T17:54:32
/opt/airflow/dags/inference_dag.py                           1           0  0.45s           2025-06-02T17:54:49
================================================================================
[2025-06-02T17:55:31.105+0000] {manager.py:893} INFO - 
================================================================================
DAG File Processing Stats

File Path                           PID    Runtime      # DAGs    # Errors  Last Runtime    Last Run
----------------------------------  -----  ---------  --------  ----------  --------------  -------------------
/opt/airflow/dags/training_dag.py                            1           0  0.98s           2025-06-02T17:55:03
/opt/airflow/dags/inference_dag.py                           1           0  0.39s           2025-06-02T17:55:20
================================================================================
[2025-06-02T17:56:01.260+0000] {manager.py:893} INFO - 
================================================================================
DAG File Processing Stats

File Path                           PID    Runtime      # DAGs    # Errors  Last Runtime    Last Run
----------------------------------  -----  ---------  --------  ----------  --------------  -------------------
/opt/airflow/dags/training_dag.py                            1           0  1.01s           2025-06-02T17:55:35
/opt/airflow/dags/inference_dag.py                           1           0  0.59s           2025-06-02T17:55:51
================================================================================
[2025-06-02T17:56:31.394+0000] {manager.py:893} INFO - 
================================================================================
DAG File Processing Stats

File Path                           PID    Runtime      # DAGs    # Errors  Last Runtime    Last Run
----------------------------------  -----  ---------  --------  ----------  --------------  -------------------
/opt/airflow/dags/training_dag.py                            1           0  1.76s           2025-06-02T17:56:07
/opt/airflow/dags/inference_dag.py                           1           0  0.51s           2025-06-02T17:56:22
================================================================================
[2025-06-02T17:57:01.548+0000] {manager.py:893} INFO - 
================================================================================
DAG File Processing Stats

File Path                           PID    Runtime      # DAGs    # Errors  Last Runtime    Last Run
----------------------------------  -----  ---------  --------  ----------  --------------  -------------------
/opt/airflow/dags/training_dag.py                            1           0  0.96s           2025-06-02T17:56:38
/opt/airflow/dags/inference_dag.py                           1           0  0.41s           2025-06-02T17:56:52
================================================================================
[2025-06-02T17:57:31.921+0000] {manager.py:893} INFO - 
================================================================================
DAG File Processing Stats

File Path                           PID    Runtime      # DAGs    # Errors  Last Runtime    Last Run
----------------------------------  -----  ---------  --------  ----------  --------------  -------------------
/opt/airflow/dags/training_dag.py                            1           0  1.08s           2025-06-02T17:57:09
/opt/airflow/dags/inference_dag.py                           1           0  0.46s           2025-06-02T17:57:23
================================================================================
[2025-06-02T17:58:02.064+0000] {manager.py:893} INFO - 
================================================================================
DAG File Processing Stats

File Path                           PID    Runtime      # DAGs    # Errors  Last Runtime    Last Run
----------------------------------  -----  ---------  --------  ----------  --------------  -------------------
/opt/airflow/dags/training_dag.py                            1           0  0.98s           2025-06-02T17:57:40
/opt/airflow/dags/inference_dag.py                           1           0  0.42s           2025-06-02T17:57:54
================================================================================
[2025-06-02T17:58:32.452+0000] {manager.py:893} INFO - 
================================================================================
DAG File Processing Stats

File Path                           PID    Runtime      # DAGs    # Errors  Last Runtime    Last Run
----------------------------------  -----  ---------  --------  ----------  --------------  -------------------
/opt/airflow/dags/training_dag.py                            1           0  1.09s           2025-06-02T17:58:12
/opt/airflow/dags/inference_dag.py                           1           0  0.39s           2025-06-02T17:58:25
================================================================================
[2025-06-02T17:59:02.642+0000] {manager.py:893} INFO - 
================================================================================
DAG File Processing Stats

File Path                           PID    Runtime      # DAGs    # Errors  Last Runtime    Last Run
----------------------------------  -----  ---------  --------  ----------  --------------  -------------------
/opt/airflow/dags/training_dag.py                            1           0  1.03s           2025-06-02T17:58:43
/opt/airflow/dags/inference_dag.py                           1           0  0.44s           2025-06-02T17:58:57
================================================================================
[2025-06-02T17:59:33.103+0000] {manager.py:893} INFO - 
================================================================================
DAG File Processing Stats

File Path                           PID    Runtime      # DAGs    # Errors  Last Runtime    Last Run
----------------------------------  -----  ---------  --------  ----------  --------------  -------------------
/opt/airflow/dags/training_dag.py                            1           0  0.97s           2025-06-02T17:59:14
/opt/airflow/dags/inference_dag.py                           1           0  0.54s           2025-06-02T17:59:27
================================================================================
[2025-06-02T17:59:54.680+0000] {manager.py:759} INFO - Searching for files in /opt/airflow/dags
[2025-06-02T17:59:54.696+0000] {manager.py:762} INFO - There are 2 files in /opt/airflow/dags
[2025-06-02T18:00:03.219+0000] {manager.py:893} INFO - 
================================================================================
DAG File Processing Stats

File Path                           PID    Runtime      # DAGs    # Errors  Last Runtime    Last Run
----------------------------------  -----  ---------  --------  ----------  --------------  -------------------
/opt/airflow/dags/training_dag.py                            1           0  0.92s           2025-06-02T17:59:45
/opt/airflow/dags/inference_dag.py                           1           0  0.45s           2025-06-02T17:59:58
================================================================================
[2025-06-02T18:00:33.354+0000] {manager.py:893} INFO - 
================================================================================
DAG File Processing Stats

File Path                           PID    Runtime      # DAGs    # Errors  Last Runtime    Last Run
----------------------------------  -----  ---------  --------  ----------  --------------  -------------------
/opt/airflow/dags/training_dag.py                            1           0  1.11s           2025-06-02T18:00:16
/opt/airflow/dags/inference_dag.py                           1           0  0.42s           2025-06-02T18:00:29
================================================================================
[2025-06-02T18:01:03.509+0000] {manager.py:893} INFO - 
================================================================================
DAG File Processing Stats

File Path                           PID    Runtime      # DAGs    # Errors  Last Runtime    Last Run
----------------------------------  -----  ---------  --------  ----------  --------------  -------------------
/opt/airflow/dags/training_dag.py                            1           0  0.96s           2025-06-02T18:00:48
/opt/airflow/dags/inference_dag.py                           1           0  0.42s           2025-06-02T18:00:59
================================================================================
[2025-06-02T18:01:33.721+0000] {manager.py:893} INFO - 
================================================================================
DAG File Processing Stats

File Path                           PID    Runtime      # DAGs    # Errors  Last Runtime    Last Run
----------------------------------  -----  ---------  --------  ----------  --------------  -------------------
/opt/airflow/dags/training_dag.py                            1           0  1.02s           2025-06-02T18:01:19
/opt/airflow/dags/inference_dag.py                           1           0  0.42s           2025-06-02T18:01:31
================================================================================
[2025-06-02T18:02:03.784+0000] {manager.py:893} INFO - 
================================================================================
DAG File Processing Stats

File Path                           PID    Runtime      # DAGs    # Errors  Last Runtime    Last Run
----------------------------------  -----  ---------  --------  ----------  --------------  -------------------
/opt/airflow/dags/training_dag.py                            1           0  0.89s           2025-06-02T18:01:50
/opt/airflow/dags/inference_dag.py                           1           0  0.69s           2025-06-02T18:02:01
================================================================================
[2025-06-02T18:02:12.224+0000] {manager.py:469} INFO - Exiting gracefully upon receiving signal 15
