[2025-06-02T17:04:18.148+0000] {processor.py:157} INFO - Started process (PID=163) to work on /opt/airflow/dags/inference_dag.py
[2025-06-02T17:04:18.149+0000] {processor.py:829} INFO - Processing file /opt/airflow/dags/inference_dag.py for tasks to queue
[2025-06-02T17:04:18.150+0000] {logging_mixin.py:151} INFO - [2025-06-02T17:04:18.150+0000] {dagbag.py:539} INFO - Filling up the DagBag from /opt/airflow/dags/inference_dag.py
[2025-06-02T17:04:22.614+0000] {processor.py:839} INFO - DAG(s) dict_keys(['inference_pipeline']) retrieved from /opt/airflow/dags/inference_dag.py
[2025-06-02T17:04:23.170+0000] {logging_mixin.py:151} INFO - [2025-06-02T17:04:23.170+0000] {manager.py:499} INFO - Created Permission View: %s
[2025-06-02T17:04:23.248+0000] {logging_mixin.py:151} INFO - [2025-06-02T17:04:23.248+0000] {manager.py:499} INFO - Created Permission View: %s
[2025-06-02T17:04:23.289+0000] {logging_mixin.py:151} INFO - [2025-06-02T17:04:23.289+0000] {manager.py:499} INFO - Created Permission View: %s
[2025-06-02T17:04:23.290+0000] {logging_mixin.py:151} INFO - [2025-06-02T17:04:23.289+0000] {security.py:708} INFO - Not syncing DAG-level permissions for DAG 'DAG:inference_pipeline' as access control is unset.
[2025-06-02T17:04:23.290+0000] {logging_mixin.py:151} INFO - [2025-06-02T17:04:23.290+0000] {dag.py:2915} INFO - Sync 1 DAGs
[2025-06-02T17:04:23.300+0000] {logging_mixin.py:151} INFO - [2025-06-02T17:04:23.300+0000] {dag.py:2937} INFO - Creating ORM DAG for inference_pipeline
[2025-06-02T17:04:23.307+0000] {logging_mixin.py:151} INFO - [2025-06-02T17:04:23.307+0000] {dag.py:3696} INFO - Setting next_dagrun for inference_pipeline to 2025-06-01T17:04:23.307413+00:00, run_after=2025-06-02T17:04:23.307413+00:00
[2025-06-02T17:04:23.372+0000] {processor.py:179} INFO - Processing /opt/airflow/dags/inference_dag.py took 5.227 seconds
[2025-06-02T17:04:53.793+0000] {processor.py:157} INFO - Started process (PID=176) to work on /opt/airflow/dags/inference_dag.py
[2025-06-02T17:04:53.794+0000] {processor.py:829} INFO - Processing file /opt/airflow/dags/inference_dag.py for tasks to queue
[2025-06-02T17:04:53.796+0000] {logging_mixin.py:151} INFO - [2025-06-02T17:04:53.796+0000] {dagbag.py:539} INFO - Filling up the DagBag from /opt/airflow/dags/inference_dag.py
[2025-06-02T17:04:54.952+0000] {processor.py:839} INFO - DAG(s) dict_keys(['inference_pipeline']) retrieved from /opt/airflow/dags/inference_dag.py
[2025-06-02T17:04:54.979+0000] {logging_mixin.py:151} INFO - [2025-06-02T17:04:54.978+0000] {dag.py:2915} INFO - Sync 1 DAGs
[2025-06-02T17:04:55.024+0000] {logging_mixin.py:151} INFO - [2025-06-02T17:04:55.024+0000] {dag.py:3696} INFO - Setting next_dagrun for inference_pipeline to 2025-06-01T17:04:55.024087+00:00, run_after=2025-06-02T17:04:55.024087+00:00
[2025-06-02T17:04:55.042+0000] {processor.py:179} INFO - Processing /opt/airflow/dags/inference_dag.py took 1.258 seconds
[2025-06-02T17:05:25.828+0000] {processor.py:157} INFO - Started process (PID=188) to work on /opt/airflow/dags/inference_dag.py
[2025-06-02T17:05:25.832+0000] {processor.py:829} INFO - Processing file /opt/airflow/dags/inference_dag.py for tasks to queue
[2025-06-02T17:05:25.834+0000] {logging_mixin.py:151} INFO - [2025-06-02T17:05:25.833+0000] {dagbag.py:539} INFO - Filling up the DagBag from /opt/airflow/dags/inference_dag.py
[2025-06-02T17:05:26.294+0000] {processor.py:839} INFO - DAG(s) dict_keys(['inference_pipeline']) retrieved from /opt/airflow/dags/inference_dag.py
[2025-06-02T17:05:26.330+0000] {logging_mixin.py:151} INFO - [2025-06-02T17:05:26.330+0000] {dag.py:2915} INFO - Sync 1 DAGs
[2025-06-02T17:05:26.354+0000] {logging_mixin.py:151} INFO - [2025-06-02T17:05:26.354+0000] {dag.py:3696} INFO - Setting next_dagrun for inference_pipeline to 2025-06-01T17:05:26.353827+00:00, run_after=2025-06-02T17:05:26.353827+00:00
[2025-06-02T17:05:26.370+0000] {processor.py:179} INFO - Processing /opt/airflow/dags/inference_dag.py took 0.552 seconds
[2025-06-02T17:05:56.757+0000] {processor.py:157} INFO - Started process (PID=200) to work on /opt/airflow/dags/inference_dag.py
[2025-06-02T17:05:56.757+0000] {processor.py:829} INFO - Processing file /opt/airflow/dags/inference_dag.py for tasks to queue
[2025-06-02T17:05:56.759+0000] {logging_mixin.py:151} INFO - [2025-06-02T17:05:56.758+0000] {dagbag.py:539} INFO - Filling up the DagBag from /opt/airflow/dags/inference_dag.py
[2025-06-02T17:05:57.236+0000] {processor.py:839} INFO - DAG(s) dict_keys(['inference_pipeline']) retrieved from /opt/airflow/dags/inference_dag.py
[2025-06-02T17:05:57.264+0000] {logging_mixin.py:151} INFO - [2025-06-02T17:05:57.263+0000] {dag.py:2915} INFO - Sync 1 DAGs
[2025-06-02T17:05:57.286+0000] {logging_mixin.py:151} INFO - [2025-06-02T17:05:57.286+0000] {dag.py:3696} INFO - Setting next_dagrun for inference_pipeline to 2025-06-01T17:05:57.286027+00:00, run_after=2025-06-02T17:05:57.286027+00:00
[2025-06-02T17:05:57.304+0000] {processor.py:179} INFO - Processing /opt/airflow/dags/inference_dag.py took 0.551 seconds
[2025-06-02T17:06:27.597+0000] {processor.py:157} INFO - Started process (PID=212) to work on /opt/airflow/dags/inference_dag.py
[2025-06-02T17:06:27.597+0000] {processor.py:829} INFO - Processing file /opt/airflow/dags/inference_dag.py for tasks to queue
[2025-06-02T17:06:27.598+0000] {logging_mixin.py:151} INFO - [2025-06-02T17:06:27.598+0000] {dagbag.py:539} INFO - Filling up the DagBag from /opt/airflow/dags/inference_dag.py
[2025-06-02T17:06:27.933+0000] {processor.py:839} INFO - DAG(s) dict_keys(['inference_pipeline']) retrieved from /opt/airflow/dags/inference_dag.py
[2025-06-02T17:06:27.959+0000] {logging_mixin.py:151} INFO - [2025-06-02T17:06:27.957+0000] {dag.py:2915} INFO - Sync 1 DAGs
[2025-06-02T17:06:27.979+0000] {logging_mixin.py:151} INFO - [2025-06-02T17:06:27.979+0000] {dag.py:3696} INFO - Setting next_dagrun for inference_pipeline to 2025-06-01T17:06:27.979177+00:00, run_after=2025-06-02T17:06:27.979177+00:00
[2025-06-02T17:06:27.999+0000] {processor.py:179} INFO - Processing /opt/airflow/dags/inference_dag.py took 0.405 seconds
[2025-06-02T17:06:58.210+0000] {processor.py:157} INFO - Started process (PID=224) to work on /opt/airflow/dags/inference_dag.py
[2025-06-02T17:06:58.211+0000] {processor.py:829} INFO - Processing file /opt/airflow/dags/inference_dag.py for tasks to queue
[2025-06-02T17:06:58.217+0000] {logging_mixin.py:151} INFO - [2025-06-02T17:06:58.217+0000] {dagbag.py:539} INFO - Filling up the DagBag from /opt/airflow/dags/inference_dag.py
[2025-06-02T17:06:58.572+0000] {processor.py:839} INFO - DAG(s) dict_keys(['inference_pipeline']) retrieved from /opt/airflow/dags/inference_dag.py
[2025-06-02T17:06:58.597+0000] {logging_mixin.py:151} INFO - [2025-06-02T17:06:58.597+0000] {dag.py:2915} INFO - Sync 1 DAGs
[2025-06-02T17:06:58.616+0000] {logging_mixin.py:151} INFO - [2025-06-02T17:06:58.616+0000] {dag.py:3696} INFO - Setting next_dagrun for inference_pipeline to 2025-06-01T17:06:58.616386+00:00, run_after=2025-06-02T17:06:58.616386+00:00
[2025-06-02T17:06:58.633+0000] {processor.py:179} INFO - Processing /opt/airflow/dags/inference_dag.py took 0.428 seconds
[2025-06-02T17:07:29.210+0000] {processor.py:157} INFO - Started process (PID=236) to work on /opt/airflow/dags/inference_dag.py
[2025-06-02T17:07:29.210+0000] {processor.py:829} INFO - Processing file /opt/airflow/dags/inference_dag.py for tasks to queue
[2025-06-02T17:07:29.211+0000] {logging_mixin.py:151} INFO - [2025-06-02T17:07:29.211+0000] {dagbag.py:539} INFO - Filling up the DagBag from /opt/airflow/dags/inference_dag.py
[2025-06-02T17:07:29.556+0000] {processor.py:839} INFO - DAG(s) dict_keys(['inference_pipeline']) retrieved from /opt/airflow/dags/inference_dag.py
[2025-06-02T17:07:29.577+0000] {logging_mixin.py:151} INFO - [2025-06-02T17:07:29.577+0000] {dag.py:2915} INFO - Sync 1 DAGs
[2025-06-02T17:07:29.609+0000] {logging_mixin.py:151} INFO - [2025-06-02T17:07:29.609+0000] {dag.py:3696} INFO - Setting next_dagrun for inference_pipeline to 2025-06-01T17:07:29.609536+00:00, run_after=2025-06-02T17:07:29.609536+00:00
[2025-06-02T17:07:29.626+0000] {processor.py:179} INFO - Processing /opt/airflow/dags/inference_dag.py took 0.419 seconds
[2025-06-02T17:07:59.796+0000] {processor.py:157} INFO - Started process (PID=248) to work on /opt/airflow/dags/inference_dag.py
[2025-06-02T17:07:59.797+0000] {processor.py:829} INFO - Processing file /opt/airflow/dags/inference_dag.py for tasks to queue
[2025-06-02T17:07:59.812+0000] {logging_mixin.py:151} INFO - [2025-06-02T17:07:59.799+0000] {dagbag.py:539} INFO - Filling up the DagBag from /opt/airflow/dags/inference_dag.py
[2025-06-02T17:08:00.354+0000] {processor.py:839} INFO - DAG(s) dict_keys(['inference_pipeline']) retrieved from /opt/airflow/dags/inference_dag.py
[2025-06-02T17:08:00.394+0000] {logging_mixin.py:151} INFO - [2025-06-02T17:08:00.392+0000] {dag.py:2915} INFO - Sync 1 DAGs
[2025-06-02T17:08:00.441+0000] {logging_mixin.py:151} INFO - [2025-06-02T17:08:00.440+0000] {dag.py:3696} INFO - Setting next_dagrun for inference_pipeline to 2025-06-01T17:08:00.440603+00:00, run_after=2025-06-02T17:08:00.440603+00:00
[2025-06-02T17:08:00.470+0000] {processor.py:179} INFO - Processing /opt/airflow/dags/inference_dag.py took 0.678 seconds
[2025-06-02T17:08:30.687+0000] {processor.py:157} INFO - Started process (PID=260) to work on /opt/airflow/dags/inference_dag.py
[2025-06-02T17:08:30.688+0000] {processor.py:829} INFO - Processing file /opt/airflow/dags/inference_dag.py for tasks to queue
[2025-06-02T17:08:30.696+0000] {logging_mixin.py:151} INFO - [2025-06-02T17:08:30.688+0000] {dagbag.py:539} INFO - Filling up the DagBag from /opt/airflow/dags/inference_dag.py
[2025-06-02T17:08:31.211+0000] {processor.py:839} INFO - DAG(s) dict_keys(['inference_pipeline']) retrieved from /opt/airflow/dags/inference_dag.py
[2025-06-02T17:08:31.238+0000] {logging_mixin.py:151} INFO - [2025-06-02T17:08:31.238+0000] {dag.py:2915} INFO - Sync 1 DAGs
[2025-06-02T17:08:31.260+0000] {logging_mixin.py:151} INFO - [2025-06-02T17:08:31.260+0000] {dag.py:3696} INFO - Setting next_dagrun for inference_pipeline to 2025-06-01T17:08:31.259864+00:00, run_after=2025-06-02T17:08:31.259864+00:00
[2025-06-02T17:08:31.278+0000] {processor.py:179} INFO - Processing /opt/airflow/dags/inference_dag.py took 0.595 seconds
[2025-06-02T17:09:01.361+0000] {processor.py:157} INFO - Started process (PID=272) to work on /opt/airflow/dags/inference_dag.py
[2025-06-02T17:09:01.362+0000] {processor.py:829} INFO - Processing file /opt/airflow/dags/inference_dag.py for tasks to queue
[2025-06-02T17:09:01.368+0000] {logging_mixin.py:151} INFO - [2025-06-02T17:09:01.368+0000] {dagbag.py:539} INFO - Filling up the DagBag from /opt/airflow/dags/inference_dag.py
[2025-06-02T17:09:01.905+0000] {processor.py:839} INFO - DAG(s) dict_keys(['inference_pipeline']) retrieved from /opt/airflow/dags/inference_dag.py
[2025-06-02T17:09:01.930+0000] {logging_mixin.py:151} INFO - [2025-06-02T17:09:01.930+0000] {dag.py:2915} INFO - Sync 1 DAGs
[2025-06-02T17:09:01.949+0000] {logging_mixin.py:151} INFO - [2025-06-02T17:09:01.949+0000] {dag.py:3696} INFO - Setting next_dagrun for inference_pipeline to 2025-06-01T17:09:01.949459+00:00, run_after=2025-06-02T17:09:01.949459+00:00
[2025-06-02T17:09:01.966+0000] {processor.py:179} INFO - Processing /opt/airflow/dags/inference_dag.py took 0.617 seconds
[2025-06-02T17:09:32.493+0000] {processor.py:157} INFO - Started process (PID=284) to work on /opt/airflow/dags/inference_dag.py
[2025-06-02T17:09:32.493+0000] {processor.py:829} INFO - Processing file /opt/airflow/dags/inference_dag.py for tasks to queue
[2025-06-02T17:09:32.494+0000] {logging_mixin.py:151} INFO - [2025-06-02T17:09:32.494+0000] {dagbag.py:539} INFO - Filling up the DagBag from /opt/airflow/dags/inference_dag.py
[2025-06-02T17:09:33.128+0000] {processor.py:839} INFO - DAG(s) dict_keys(['inference_pipeline']) retrieved from /opt/airflow/dags/inference_dag.py
[2025-06-02T17:09:33.163+0000] {logging_mixin.py:151} INFO - [2025-06-02T17:09:33.162+0000] {dag.py:2915} INFO - Sync 1 DAGs
[2025-06-02T17:09:33.191+0000] {logging_mixin.py:151} INFO - [2025-06-02T17:09:33.191+0000] {dag.py:3696} INFO - Setting next_dagrun for inference_pipeline to 2025-06-01T17:09:33.191310+00:00, run_after=2025-06-02T17:09:33.191310+00:00
[2025-06-02T17:09:33.214+0000] {processor.py:179} INFO - Processing /opt/airflow/dags/inference_dag.py took 0.725 seconds
[2025-06-02T17:10:03.405+0000] {processor.py:157} INFO - Started process (PID=296) to work on /opt/airflow/dags/inference_dag.py
[2025-06-02T17:10:03.406+0000] {processor.py:829} INFO - Processing file /opt/airflow/dags/inference_dag.py for tasks to queue
[2025-06-02T17:10:03.412+0000] {logging_mixin.py:151} INFO - [2025-06-02T17:10:03.407+0000] {dagbag.py:539} INFO - Filling up the DagBag from /opt/airflow/dags/inference_dag.py
[2025-06-02T17:10:03.932+0000] {processor.py:839} INFO - DAG(s) dict_keys(['inference_pipeline']) retrieved from /opt/airflow/dags/inference_dag.py
[2025-06-02T17:10:03.968+0000] {logging_mixin.py:151} INFO - [2025-06-02T17:10:03.967+0000] {dag.py:2915} INFO - Sync 1 DAGs
[2025-06-02T17:10:03.990+0000] {logging_mixin.py:151} INFO - [2025-06-02T17:10:03.990+0000] {dag.py:3696} INFO - Setting next_dagrun for inference_pipeline to 2025-06-01T17:10:03.990527+00:00, run_after=2025-06-02T17:10:03.990527+00:00
[2025-06-02T17:10:04.010+0000] {processor.py:179} INFO - Processing /opt/airflow/dags/inference_dag.py took 0.608 seconds
[2025-06-02T17:10:34.852+0000] {processor.py:157} INFO - Started process (PID=308) to work on /opt/airflow/dags/inference_dag.py
[2025-06-02T17:10:34.856+0000] {processor.py:829} INFO - Processing file /opt/airflow/dags/inference_dag.py for tasks to queue
[2025-06-02T17:10:34.860+0000] {logging_mixin.py:151} INFO - [2025-06-02T17:10:34.860+0000] {dagbag.py:539} INFO - Filling up the DagBag from /opt/airflow/dags/inference_dag.py
[2025-06-02T17:10:36.062+0000] {processor.py:839} INFO - DAG(s) dict_keys(['inference_pipeline']) retrieved from /opt/airflow/dags/inference_dag.py
[2025-06-02T17:10:36.117+0000] {logging_mixin.py:151} INFO - [2025-06-02T17:10:36.116+0000] {dag.py:2915} INFO - Sync 1 DAGs
[2025-06-02T17:10:36.147+0000] {logging_mixin.py:151} INFO - [2025-06-02T17:10:36.147+0000] {dag.py:3696} INFO - Setting next_dagrun for inference_pipeline to 2025-06-01T17:10:36.142203+00:00, run_after=2025-06-02T17:10:36.142203+00:00
[2025-06-02T17:10:36.188+0000] {processor.py:179} INFO - Processing /opt/airflow/dags/inference_dag.py took 1.342 seconds
[2025-06-02T17:11:06.577+0000] {processor.py:157} INFO - Started process (PID=319) to work on /opt/airflow/dags/inference_dag.py
[2025-06-02T17:11:06.578+0000] {processor.py:829} INFO - Processing file /opt/airflow/dags/inference_dag.py for tasks to queue
[2025-06-02T17:11:06.579+0000] {logging_mixin.py:151} INFO - [2025-06-02T17:11:06.579+0000] {dagbag.py:539} INFO - Filling up the DagBag from /opt/airflow/dags/inference_dag.py
[2025-06-02T17:11:06.956+0000] {processor.py:839} INFO - DAG(s) dict_keys(['inference_pipeline']) retrieved from /opt/airflow/dags/inference_dag.py
[2025-06-02T17:11:06.985+0000] {logging_mixin.py:151} INFO - [2025-06-02T17:11:06.985+0000] {dag.py:2915} INFO - Sync 1 DAGs
[2025-06-02T17:11:07.007+0000] {logging_mixin.py:151} INFO - [2025-06-02T17:11:07.007+0000] {dag.py:3696} INFO - Setting next_dagrun for inference_pipeline to 2025-06-01T17:11:07.006818+00:00, run_after=2025-06-02T17:11:07.006818+00:00
[2025-06-02T17:11:07.024+0000] {processor.py:179} INFO - Processing /opt/airflow/dags/inference_dag.py took 0.450 seconds
[2025-06-02T17:11:37.724+0000] {processor.py:157} INFO - Started process (PID=337) to work on /opt/airflow/dags/inference_dag.py
[2025-06-02T17:11:37.725+0000] {processor.py:829} INFO - Processing file /opt/airflow/dags/inference_dag.py for tasks to queue
[2025-06-02T17:11:37.726+0000] {logging_mixin.py:151} INFO - [2025-06-02T17:11:37.726+0000] {dagbag.py:539} INFO - Filling up the DagBag from /opt/airflow/dags/inference_dag.py
[2025-06-02T17:11:38.047+0000] {processor.py:839} INFO - DAG(s) dict_keys(['inference_pipeline']) retrieved from /opt/airflow/dags/inference_dag.py
[2025-06-02T17:11:38.079+0000] {logging_mixin.py:151} INFO - [2025-06-02T17:11:38.078+0000] {dag.py:2915} INFO - Sync 1 DAGs
[2025-06-02T17:11:38.148+0000] {logging_mixin.py:151} INFO - [2025-06-02T17:11:38.147+0000] {dag.py:3696} INFO - Setting next_dagrun for inference_pipeline to 2025-06-02T17:11:07.006818+00:00, run_after=2025-06-03T17:11:07.006818+00:00
[2025-06-02T17:11:38.232+0000] {processor.py:179} INFO - Processing /opt/airflow/dags/inference_dag.py took 0.511 seconds
[2025-06-02T17:12:08.625+0000] {processor.py:157} INFO - Started process (PID=353) to work on /opt/airflow/dags/inference_dag.py
[2025-06-02T17:12:08.626+0000] {processor.py:829} INFO - Processing file /opt/airflow/dags/inference_dag.py for tasks to queue
[2025-06-02T17:12:08.626+0000] {logging_mixin.py:151} INFO - [2025-06-02T17:12:08.626+0000] {dagbag.py:539} INFO - Filling up the DagBag from /opt/airflow/dags/inference_dag.py
[2025-06-02T17:12:08.896+0000] {processor.py:839} INFO - DAG(s) dict_keys(['inference_pipeline']) retrieved from /opt/airflow/dags/inference_dag.py
[2025-06-02T17:12:08.919+0000] {logging_mixin.py:151} INFO - [2025-06-02T17:12:08.918+0000] {dag.py:2915} INFO - Sync 1 DAGs
[2025-06-02T17:12:08.937+0000] {logging_mixin.py:151} INFO - [2025-06-02T17:12:08.937+0000] {dag.py:3696} INFO - Setting next_dagrun for inference_pipeline to 2025-06-02T17:11:07.006818+00:00, run_after=2025-06-03T17:11:07.006818+00:00
[2025-06-02T17:12:08.955+0000] {processor.py:179} INFO - Processing /opt/airflow/dags/inference_dag.py took 0.333 seconds
[2025-06-02T17:12:39.162+0000] {processor.py:157} INFO - Started process (PID=365) to work on /opt/airflow/dags/inference_dag.py
[2025-06-02T17:12:39.162+0000] {processor.py:829} INFO - Processing file /opt/airflow/dags/inference_dag.py for tasks to queue
[2025-06-02T17:12:39.163+0000] {logging_mixin.py:151} INFO - [2025-06-02T17:12:39.163+0000] {dagbag.py:539} INFO - Filling up the DagBag from /opt/airflow/dags/inference_dag.py
[2025-06-02T17:12:39.523+0000] {processor.py:839} INFO - DAG(s) dict_keys(['inference_pipeline']) retrieved from /opt/airflow/dags/inference_dag.py
[2025-06-02T17:12:39.551+0000] {logging_mixin.py:151} INFO - [2025-06-02T17:12:39.550+0000] {dag.py:2915} INFO - Sync 1 DAGs
[2025-06-02T17:12:39.574+0000] {logging_mixin.py:151} INFO - [2025-06-02T17:12:39.574+0000] {dag.py:3696} INFO - Setting next_dagrun for inference_pipeline to 2025-06-02T17:11:07.006818+00:00, run_after=2025-06-03T17:11:07.006818+00:00
[2025-06-02T17:12:39.592+0000] {processor.py:179} INFO - Processing /opt/airflow/dags/inference_dag.py took 0.434 seconds
[2025-06-02T17:13:10.159+0000] {processor.py:157} INFO - Started process (PID=374) to work on /opt/airflow/dags/inference_dag.py
[2025-06-02T17:13:10.176+0000] {processor.py:829} INFO - Processing file /opt/airflow/dags/inference_dag.py for tasks to queue
[2025-06-02T17:13:10.178+0000] {logging_mixin.py:151} INFO - [2025-06-02T17:13:10.177+0000] {dagbag.py:539} INFO - Filling up the DagBag from /opt/airflow/dags/inference_dag.py
[2025-06-02T17:13:11.266+0000] {processor.py:839} INFO - DAG(s) dict_keys(['inference_pipeline']) retrieved from /opt/airflow/dags/inference_dag.py
[2025-06-02T17:13:11.309+0000] {logging_mixin.py:151} INFO - [2025-06-02T17:13:11.307+0000] {dag.py:2915} INFO - Sync 1 DAGs
[2025-06-02T17:13:11.378+0000] {logging_mixin.py:151} INFO - [2025-06-02T17:13:11.377+0000] {dag.py:3696} INFO - Setting next_dagrun for inference_pipeline to 2025-06-02T17:11:07.006818+00:00, run_after=2025-06-03T17:11:07.006818+00:00
[2025-06-02T17:13:11.414+0000] {processor.py:179} INFO - Processing /opt/airflow/dags/inference_dag.py took 1.259 seconds
[2025-06-02T17:13:41.622+0000] {processor.py:157} INFO - Started process (PID=386) to work on /opt/airflow/dags/inference_dag.py
[2025-06-02T17:13:41.623+0000] {processor.py:829} INFO - Processing file /opt/airflow/dags/inference_dag.py for tasks to queue
[2025-06-02T17:13:41.624+0000] {logging_mixin.py:151} INFO - [2025-06-02T17:13:41.624+0000] {dagbag.py:539} INFO - Filling up the DagBag from /opt/airflow/dags/inference_dag.py
[2025-06-02T17:13:42.120+0000] {processor.py:839} INFO - DAG(s) dict_keys(['inference_pipeline']) retrieved from /opt/airflow/dags/inference_dag.py
[2025-06-02T17:13:42.146+0000] {logging_mixin.py:151} INFO - [2025-06-02T17:13:42.145+0000] {dag.py:2915} INFO - Sync 1 DAGs
[2025-06-02T17:13:42.176+0000] {logging_mixin.py:151} INFO - [2025-06-02T17:13:42.174+0000] {dag.py:3696} INFO - Setting next_dagrun for inference_pipeline to 2025-06-02T17:11:07.006818+00:00, run_after=2025-06-03T17:11:07.006818+00:00
[2025-06-02T17:13:42.213+0000] {processor.py:179} INFO - Processing /opt/airflow/dags/inference_dag.py took 0.595 seconds
[2025-06-02T17:14:12.328+0000] {processor.py:157} INFO - Started process (PID=397) to work on /opt/airflow/dags/inference_dag.py
[2025-06-02T17:14:12.330+0000] {processor.py:829} INFO - Processing file /opt/airflow/dags/inference_dag.py for tasks to queue
[2025-06-02T17:14:12.334+0000] {logging_mixin.py:151} INFO - [2025-06-02T17:14:12.332+0000] {dagbag.py:539} INFO - Filling up the DagBag from /opt/airflow/dags/inference_dag.py
[2025-06-02T17:14:12.793+0000] {processor.py:839} INFO - DAG(s) dict_keys(['inference_pipeline']) retrieved from /opt/airflow/dags/inference_dag.py
[2025-06-02T17:14:12.863+0000] {logging_mixin.py:151} INFO - [2025-06-02T17:14:12.861+0000] {dag.py:2915} INFO - Sync 1 DAGs
[2025-06-02T17:14:12.904+0000] {logging_mixin.py:151} INFO - [2025-06-02T17:14:12.904+0000] {dag.py:3696} INFO - Setting next_dagrun for inference_pipeline to 2025-06-02T17:11:07.006818+00:00, run_after=2025-06-03T17:11:07.006818+00:00
[2025-06-02T17:14:12.938+0000] {processor.py:179} INFO - Processing /opt/airflow/dags/inference_dag.py took 0.615 seconds
[2025-06-02T17:14:43.235+0000] {processor.py:157} INFO - Started process (PID=410) to work on /opt/airflow/dags/inference_dag.py
[2025-06-02T17:14:43.238+0000] {processor.py:829} INFO - Processing file /opt/airflow/dags/inference_dag.py for tasks to queue
[2025-06-02T17:14:43.242+0000] {logging_mixin.py:151} INFO - [2025-06-02T17:14:43.241+0000] {dagbag.py:539} INFO - Filling up the DagBag from /opt/airflow/dags/inference_dag.py
[2025-06-02T17:14:46.772+0000] {processor.py:839} INFO - DAG(s) dict_keys(['inference_pipeline']) retrieved from /opt/airflow/dags/inference_dag.py
[2025-06-02T17:14:46.801+0000] {logging_mixin.py:151} INFO - [2025-06-02T17:14:46.801+0000] {dag.py:2915} INFO - Sync 1 DAGs
[2025-06-02T17:14:46.823+0000] {logging_mixin.py:151} INFO - [2025-06-02T17:14:46.823+0000] {dag.py:3696} INFO - Setting next_dagrun for inference_pipeline to 2025-06-02T17:11:07.006818+00:00, run_after=2025-06-03T17:11:07.006818+00:00
[2025-06-02T17:14:46.967+0000] {processor.py:179} INFO - Processing /opt/airflow/dags/inference_dag.py took 3.737 seconds
[2025-06-02T17:15:17.404+0000] {processor.py:157} INFO - Started process (PID=425) to work on /opt/airflow/dags/inference_dag.py
[2025-06-02T17:15:17.404+0000] {processor.py:829} INFO - Processing file /opt/airflow/dags/inference_dag.py for tasks to queue
[2025-06-02T17:15:17.405+0000] {logging_mixin.py:151} INFO - [2025-06-02T17:15:17.405+0000] {dagbag.py:539} INFO - Filling up the DagBag from /opt/airflow/dags/inference_dag.py
[2025-06-02T17:15:17.710+0000] {processor.py:839} INFO - DAG(s) dict_keys(['inference_pipeline']) retrieved from /opt/airflow/dags/inference_dag.py
[2025-06-02T17:15:17.733+0000] {logging_mixin.py:151} INFO - [2025-06-02T17:15:17.733+0000] {dag.py:2915} INFO - Sync 1 DAGs
[2025-06-02T17:15:17.755+0000] {logging_mixin.py:151} INFO - [2025-06-02T17:15:17.755+0000] {dag.py:3696} INFO - Setting next_dagrun for inference_pipeline to 2025-06-02T17:11:07.006818+00:00, run_after=2025-06-03T17:11:07.006818+00:00
[2025-06-02T17:15:17.785+0000] {processor.py:179} INFO - Processing /opt/airflow/dags/inference_dag.py took 0.384 seconds
[2025-06-02T17:15:48.007+0000] {processor.py:157} INFO - Started process (PID=437) to work on /opt/airflow/dags/inference_dag.py
[2025-06-02T17:15:48.007+0000] {processor.py:829} INFO - Processing file /opt/airflow/dags/inference_dag.py for tasks to queue
[2025-06-02T17:15:48.008+0000] {logging_mixin.py:151} INFO - [2025-06-02T17:15:48.008+0000] {dagbag.py:539} INFO - Filling up the DagBag from /opt/airflow/dags/inference_dag.py
[2025-06-02T17:15:48.268+0000] {processor.py:839} INFO - DAG(s) dict_keys(['inference_pipeline']) retrieved from /opt/airflow/dags/inference_dag.py
[2025-06-02T17:15:48.291+0000] {logging_mixin.py:151} INFO - [2025-06-02T17:15:48.291+0000] {dag.py:2915} INFO - Sync 1 DAGs
[2025-06-02T17:15:48.311+0000] {logging_mixin.py:151} INFO - [2025-06-02T17:15:48.311+0000] {dag.py:3696} INFO - Setting next_dagrun for inference_pipeline to 2025-06-02T17:11:07.006818+00:00, run_after=2025-06-03T17:11:07.006818+00:00
[2025-06-02T17:15:48.340+0000] {processor.py:179} INFO - Processing /opt/airflow/dags/inference_dag.py took 0.336 seconds
[2025-06-02T17:16:18.552+0000] {processor.py:157} INFO - Started process (PID=449) to work on /opt/airflow/dags/inference_dag.py
[2025-06-02T17:16:18.552+0000] {processor.py:829} INFO - Processing file /opt/airflow/dags/inference_dag.py for tasks to queue
[2025-06-02T17:16:18.553+0000] {logging_mixin.py:151} INFO - [2025-06-02T17:16:18.553+0000] {dagbag.py:539} INFO - Filling up the DagBag from /opt/airflow/dags/inference_dag.py
[2025-06-02T17:16:18.846+0000] {processor.py:839} INFO - DAG(s) dict_keys(['inference_pipeline']) retrieved from /opt/airflow/dags/inference_dag.py
[2025-06-02T17:16:18.870+0000] {logging_mixin.py:151} INFO - [2025-06-02T17:16:18.869+0000] {dag.py:2915} INFO - Sync 1 DAGs
[2025-06-02T17:16:18.889+0000] {logging_mixin.py:151} INFO - [2025-06-02T17:16:18.889+0000] {dag.py:3696} INFO - Setting next_dagrun for inference_pipeline to 2025-06-02T17:11:07.006818+00:00, run_after=2025-06-03T17:11:07.006818+00:00
[2025-06-02T17:16:18.906+0000] {processor.py:179} INFO - Processing /opt/airflow/dags/inference_dag.py took 0.357 seconds
[2025-06-02T17:17:04.800+0000] {processor.py:157} INFO - Started process (PID=164) to work on /opt/airflow/dags/inference_dag.py
[2025-06-02T17:17:04.803+0000] {processor.py:829} INFO - Processing file /opt/airflow/dags/inference_dag.py for tasks to queue
[2025-06-02T17:17:04.805+0000] {logging_mixin.py:151} INFO - [2025-06-02T17:17:04.805+0000] {dagbag.py:539} INFO - Filling up the DagBag from /opt/airflow/dags/inference_dag.py
[2025-06-02T17:17:06.286+0000] {processor.py:839} INFO - DAG(s) dict_keys(['inference_pipeline']) retrieved from /opt/airflow/dags/inference_dag.py
[2025-06-02T17:17:06.354+0000] {logging_mixin.py:151} INFO - [2025-06-02T17:17:06.353+0000] {dag.py:2915} INFO - Sync 1 DAGs
[2025-06-02T17:17:06.477+0000] {logging_mixin.py:151} INFO - [2025-06-02T17:17:06.477+0000] {dag.py:3696} INFO - Setting next_dagrun for inference_pipeline to 2025-06-02T17:11:07.006818+00:00, run_after=2025-06-03T17:11:07.006818+00:00
[2025-06-02T17:17:06.507+0000] {processor.py:179} INFO - Processing /opt/airflow/dags/inference_dag.py took 1.710 seconds
[2025-06-02T17:17:36.671+0000] {processor.py:157} INFO - Started process (PID=176) to work on /opt/airflow/dags/inference_dag.py
[2025-06-02T17:17:36.672+0000] {processor.py:829} INFO - Processing file /opt/airflow/dags/inference_dag.py for tasks to queue
[2025-06-02T17:17:36.673+0000] {logging_mixin.py:151} INFO - [2025-06-02T17:17:36.673+0000] {dagbag.py:539} INFO - Filling up the DagBag from /opt/airflow/dags/inference_dag.py
[2025-06-02T17:17:37.403+0000] {processor.py:839} INFO - DAG(s) dict_keys(['inference_pipeline']) retrieved from /opt/airflow/dags/inference_dag.py
[2025-06-02T17:17:37.470+0000] {logging_mixin.py:151} INFO - [2025-06-02T17:17:37.469+0000] {dag.py:2915} INFO - Sync 1 DAGs
[2025-06-02T17:17:37.499+0000] {logging_mixin.py:151} INFO - [2025-06-02T17:17:37.499+0000] {dag.py:3696} INFO - Setting next_dagrun for inference_pipeline to 2025-06-02T17:11:07.006818+00:00, run_after=2025-06-03T17:11:07.006818+00:00
[2025-06-02T17:17:37.552+0000] {processor.py:179} INFO - Processing /opt/airflow/dags/inference_dag.py took 0.890 seconds
[2025-06-02T17:18:07.764+0000] {processor.py:157} INFO - Started process (PID=188) to work on /opt/airflow/dags/inference_dag.py
[2025-06-02T17:18:07.765+0000] {processor.py:829} INFO - Processing file /opt/airflow/dags/inference_dag.py for tasks to queue
[2025-06-02T17:18:07.765+0000] {logging_mixin.py:151} INFO - [2025-06-02T17:18:07.765+0000] {dagbag.py:539} INFO - Filling up the DagBag from /opt/airflow/dags/inference_dag.py
[2025-06-02T17:18:08.288+0000] {processor.py:839} INFO - DAG(s) dict_keys(['inference_pipeline']) retrieved from /opt/airflow/dags/inference_dag.py
[2025-06-02T17:18:08.387+0000] {logging_mixin.py:151} INFO - [2025-06-02T17:18:08.386+0000] {dag.py:2915} INFO - Sync 1 DAGs
[2025-06-02T17:18:08.471+0000] {logging_mixin.py:151} INFO - [2025-06-02T17:18:08.470+0000] {dag.py:3696} INFO - Setting next_dagrun for inference_pipeline to 2025-06-02T17:11:07.006818+00:00, run_after=2025-06-03T17:11:07.006818+00:00
[2025-06-02T17:18:08.509+0000] {processor.py:179} INFO - Processing /opt/airflow/dags/inference_dag.py took 0.748 seconds
[2025-06-02T17:18:39.762+0000] {processor.py:157} INFO - Started process (PID=200) to work on /opt/airflow/dags/inference_dag.py
[2025-06-02T17:18:39.777+0000] {processor.py:829} INFO - Processing file /opt/airflow/dags/inference_dag.py for tasks to queue
[2025-06-02T17:18:39.785+0000] {logging_mixin.py:151} INFO - [2025-06-02T17:18:39.785+0000] {dagbag.py:539} INFO - Filling up the DagBag from /opt/airflow/dags/inference_dag.py
[2025-06-02T17:18:41.577+0000] {processor.py:839} INFO - DAG(s) dict_keys(['inference_pipeline']) retrieved from /opt/airflow/dags/inference_dag.py
[2025-06-02T17:18:41.614+0000] {logging_mixin.py:151} INFO - [2025-06-02T17:18:41.614+0000] {dag.py:2915} INFO - Sync 1 DAGs
[2025-06-02T17:18:41.714+0000] {logging_mixin.py:151} INFO - [2025-06-02T17:18:41.713+0000] {dag.py:3696} INFO - Setting next_dagrun for inference_pipeline to 2025-06-02T17:11:07.006818+00:00, run_after=2025-06-03T17:11:07.006818+00:00
[2025-06-02T17:18:41.780+0000] {processor.py:179} INFO - Processing /opt/airflow/dags/inference_dag.py took 2.038 seconds
[2025-06-02T17:19:12.195+0000] {processor.py:157} INFO - Started process (PID=212) to work on /opt/airflow/dags/inference_dag.py
[2025-06-02T17:19:12.196+0000] {processor.py:829} INFO - Processing file /opt/airflow/dags/inference_dag.py for tasks to queue
[2025-06-02T17:19:12.197+0000] {logging_mixin.py:151} INFO - [2025-06-02T17:19:12.196+0000] {dagbag.py:539} INFO - Filling up the DagBag from /opt/airflow/dags/inference_dag.py
[2025-06-02T17:19:12.716+0000] {processor.py:839} INFO - DAG(s) dict_keys(['inference_pipeline']) retrieved from /opt/airflow/dags/inference_dag.py
[2025-06-02T17:19:12.746+0000] {logging_mixin.py:151} INFO - [2025-06-02T17:19:12.745+0000] {dag.py:2915} INFO - Sync 1 DAGs
[2025-06-02T17:19:12.763+0000] {logging_mixin.py:151} INFO - [2025-06-02T17:19:12.762+0000] {dag.py:3696} INFO - Setting next_dagrun for inference_pipeline to 2025-06-02T17:11:07.006818+00:00, run_after=2025-06-03T17:11:07.006818+00:00
[2025-06-02T17:19:12.779+0000] {processor.py:179} INFO - Processing /opt/airflow/dags/inference_dag.py took 0.587 seconds
[2025-06-02T17:19:42.998+0000] {processor.py:157} INFO - Started process (PID=224) to work on /opt/airflow/dags/inference_dag.py
[2025-06-02T17:19:42.999+0000] {processor.py:829} INFO - Processing file /opt/airflow/dags/inference_dag.py for tasks to queue
[2025-06-02T17:19:43.001+0000] {logging_mixin.py:151} INFO - [2025-06-02T17:19:43.000+0000] {dagbag.py:539} INFO - Filling up the DagBag from /opt/airflow/dags/inference_dag.py
[2025-06-02T17:19:43.493+0000] {processor.py:839} INFO - DAG(s) dict_keys(['inference_pipeline']) retrieved from /opt/airflow/dags/inference_dag.py
[2025-06-02T17:19:43.532+0000] {logging_mixin.py:151} INFO - [2025-06-02T17:19:43.531+0000] {dag.py:2915} INFO - Sync 1 DAGs
[2025-06-02T17:19:43.571+0000] {logging_mixin.py:151} INFO - [2025-06-02T17:19:43.571+0000] {dag.py:3696} INFO - Setting next_dagrun for inference_pipeline to 2025-06-02T17:11:07.006818+00:00, run_after=2025-06-03T17:11:07.006818+00:00
[2025-06-02T17:19:43.587+0000] {processor.py:179} INFO - Processing /opt/airflow/dags/inference_dag.py took 0.597 seconds
[2025-06-02T17:20:13.923+0000] {processor.py:157} INFO - Started process (PID=236) to work on /opt/airflow/dags/inference_dag.py
[2025-06-02T17:20:13.923+0000] {processor.py:829} INFO - Processing file /opt/airflow/dags/inference_dag.py for tasks to queue
[2025-06-02T17:20:13.925+0000] {logging_mixin.py:151} INFO - [2025-06-02T17:20:13.924+0000] {dagbag.py:539} INFO - Filling up the DagBag from /opt/airflow/dags/inference_dag.py
[2025-06-02T17:20:14.234+0000] {processor.py:839} INFO - DAG(s) dict_keys(['inference_pipeline']) retrieved from /opt/airflow/dags/inference_dag.py
[2025-06-02T17:20:14.259+0000] {logging_mixin.py:151} INFO - [2025-06-02T17:20:14.259+0000] {dag.py:2915} INFO - Sync 1 DAGs
[2025-06-02T17:20:14.284+0000] {logging_mixin.py:151} INFO - [2025-06-02T17:20:14.284+0000] {dag.py:3696} INFO - Setting next_dagrun for inference_pipeline to 2025-06-02T17:11:07.006818+00:00, run_after=2025-06-03T17:11:07.006818+00:00
[2025-06-02T17:20:14.301+0000] {processor.py:179} INFO - Processing /opt/airflow/dags/inference_dag.py took 0.385 seconds
[2025-06-02T17:20:44.502+0000] {processor.py:157} INFO - Started process (PID=248) to work on /opt/airflow/dags/inference_dag.py
[2025-06-02T17:20:44.503+0000] {processor.py:829} INFO - Processing file /opt/airflow/dags/inference_dag.py for tasks to queue
[2025-06-02T17:20:44.506+0000] {logging_mixin.py:151} INFO - [2025-06-02T17:20:44.506+0000] {dagbag.py:539} INFO - Filling up the DagBag from /opt/airflow/dags/inference_dag.py
[2025-06-02T17:20:44.896+0000] {processor.py:839} INFO - DAG(s) dict_keys(['inference_pipeline']) retrieved from /opt/airflow/dags/inference_dag.py
[2025-06-02T17:20:44.931+0000] {logging_mixin.py:151} INFO - [2025-06-02T17:20:44.930+0000] {dag.py:2915} INFO - Sync 1 DAGs
[2025-06-02T17:20:44.968+0000] {logging_mixin.py:151} INFO - [2025-06-02T17:20:44.968+0000] {dag.py:3696} INFO - Setting next_dagrun for inference_pipeline to 2025-06-02T17:11:07.006818+00:00, run_after=2025-06-03T17:11:07.006818+00:00
[2025-06-02T17:20:44.998+0000] {processor.py:179} INFO - Processing /opt/airflow/dags/inference_dag.py took 0.500 seconds
[2025-06-02T17:44:54.646+0000] {processor.py:157} INFO - Started process (PID=162) to work on /opt/airflow/dags/inference_dag.py
[2025-06-02T17:44:54.652+0000] {processor.py:829} INFO - Processing file /opt/airflow/dags/inference_dag.py for tasks to queue
[2025-06-02T17:44:54.654+0000] {logging_mixin.py:151} INFO - [2025-06-02T17:44:54.654+0000] {dagbag.py:539} INFO - Filling up the DagBag from /opt/airflow/dags/inference_dag.py
[2025-06-02T17:44:59.906+0000] {processor.py:839} INFO - DAG(s) dict_keys(['inference_pipeline']) retrieved from /opt/airflow/dags/inference_dag.py
[2025-06-02T17:45:00.377+0000] {logging_mixin.py:151} INFO - [2025-06-02T17:45:00.377+0000] {manager.py:499} INFO - Created Permission View: %s
[2025-06-02T17:45:00.388+0000] {logging_mixin.py:151} INFO - [2025-06-02T17:45:00.387+0000] {manager.py:499} INFO - Created Permission View: %s
[2025-06-02T17:45:00.398+0000] {logging_mixin.py:151} INFO - [2025-06-02T17:45:00.398+0000] {manager.py:499} INFO - Created Permission View: %s
[2025-06-02T17:45:00.399+0000] {logging_mixin.py:151} INFO - [2025-06-02T17:45:00.399+0000] {security.py:708} INFO - Not syncing DAG-level permissions for DAG 'DAG:inference_pipeline' as access control is unset.
[2025-06-02T17:45:00.400+0000] {logging_mixin.py:151} INFO - [2025-06-02T17:45:00.400+0000] {dag.py:2915} INFO - Sync 1 DAGs
[2025-06-02T17:45:00.448+0000] {logging_mixin.py:151} INFO - [2025-06-02T17:45:00.447+0000] {dag.py:2937} INFO - Creating ORM DAG for inference_pipeline
[2025-06-02T17:45:00.504+0000] {logging_mixin.py:151} INFO - [2025-06-02T17:45:00.504+0000] {dag.py:3696} INFO - Setting next_dagrun for inference_pipeline to 2025-06-01T17:45:00.503035+00:00, run_after=2025-06-02T17:45:00.503035+00:00
[2025-06-02T17:45:00.634+0000] {processor.py:179} INFO - Processing /opt/airflow/dags/inference_dag.py took 5.993 seconds
[2025-06-02T17:45:31.669+0000] {processor.py:157} INFO - Started process (PID=173) to work on /opt/airflow/dags/inference_dag.py
[2025-06-02T17:45:31.669+0000] {processor.py:829} INFO - Processing file /opt/airflow/dags/inference_dag.py for tasks to queue
[2025-06-02T17:45:31.670+0000] {logging_mixin.py:151} INFO - [2025-06-02T17:45:31.670+0000] {dagbag.py:539} INFO - Filling up the DagBag from /opt/airflow/dags/inference_dag.py
[2025-06-02T17:45:35.349+0000] {processor.py:839} INFO - DAG(s) dict_keys(['inference_pipeline']) retrieved from /opt/airflow/dags/inference_dag.py
[2025-06-02T17:45:35.494+0000] {logging_mixin.py:151} INFO - [2025-06-02T17:45:35.494+0000] {dag.py:2915} INFO - Sync 1 DAGs
[2025-06-02T17:45:35.560+0000] {logging_mixin.py:151} INFO - [2025-06-02T17:45:35.560+0000] {dag.py:3696} INFO - Setting next_dagrun for inference_pipeline to 2025-06-01T17:45:35.560065+00:00, run_after=2025-06-02T17:45:35.560065+00:00
[2025-06-02T17:45:35.609+0000] {processor.py:179} INFO - Processing /opt/airflow/dags/inference_dag.py took 3.943 seconds
[2025-06-02T17:46:06.117+0000] {processor.py:157} INFO - Started process (PID=216) to work on /opt/airflow/dags/inference_dag.py
[2025-06-02T17:46:06.118+0000] {processor.py:829} INFO - Processing file /opt/airflow/dags/inference_dag.py for tasks to queue
[2025-06-02T17:46:06.119+0000] {logging_mixin.py:151} INFO - [2025-06-02T17:46:06.119+0000] {dagbag.py:539} INFO - Filling up the DagBag from /opt/airflow/dags/inference_dag.py
[2025-06-02T17:46:07.302+0000] {processor.py:839} INFO - DAG(s) dict_keys(['inference_pipeline']) retrieved from /opt/airflow/dags/inference_dag.py
[2025-06-02T17:46:07.372+0000] {logging_mixin.py:151} INFO - [2025-06-02T17:46:07.370+0000] {dag.py:2915} INFO - Sync 1 DAGs
[2025-06-02T17:46:07.451+0000] {logging_mixin.py:151} INFO - [2025-06-02T17:46:07.451+0000] {dag.py:3696} INFO - Setting next_dagrun for inference_pipeline to 2025-06-02T17:45:35.560065+00:00, run_after=2025-06-03T17:45:35.560065+00:00
[2025-06-02T17:46:07.543+0000] {processor.py:179} INFO - Processing /opt/airflow/dags/inference_dag.py took 1.434 seconds
[2025-06-02T17:46:38.460+0000] {processor.py:157} INFO - Started process (PID=229) to work on /opt/airflow/dags/inference_dag.py
[2025-06-02T17:46:38.461+0000] {processor.py:829} INFO - Processing file /opt/airflow/dags/inference_dag.py for tasks to queue
[2025-06-02T17:46:38.462+0000] {logging_mixin.py:151} INFO - [2025-06-02T17:46:38.462+0000] {dagbag.py:539} INFO - Filling up the DagBag from /opt/airflow/dags/inference_dag.py
[2025-06-02T17:46:38.768+0000] {processor.py:839} INFO - DAG(s) dict_keys(['inference_pipeline']) retrieved from /opt/airflow/dags/inference_dag.py
[2025-06-02T17:46:38.794+0000] {logging_mixin.py:151} INFO - [2025-06-02T17:46:38.793+0000] {dag.py:2915} INFO - Sync 1 DAGs
[2025-06-02T17:46:38.815+0000] {logging_mixin.py:151} INFO - [2025-06-02T17:46:38.815+0000] {dag.py:3696} INFO - Setting next_dagrun for inference_pipeline to 2025-06-02T17:45:35.560065+00:00, run_after=2025-06-03T17:45:35.560065+00:00
[2025-06-02T17:46:38.841+0000] {processor.py:179} INFO - Processing /opt/airflow/dags/inference_dag.py took 0.383 seconds
[2025-06-02T17:47:08.964+0000] {processor.py:157} INFO - Started process (PID=242) to work on /opt/airflow/dags/inference_dag.py
[2025-06-02T17:47:08.965+0000] {processor.py:829} INFO - Processing file /opt/airflow/dags/inference_dag.py for tasks to queue
[2025-06-02T17:47:08.966+0000] {logging_mixin.py:151} INFO - [2025-06-02T17:47:08.966+0000] {dagbag.py:539} INFO - Filling up the DagBag from /opt/airflow/dags/inference_dag.py
[2025-06-02T17:47:09.304+0000] {processor.py:839} INFO - DAG(s) dict_keys(['inference_pipeline']) retrieved from /opt/airflow/dags/inference_dag.py
[2025-06-02T17:47:09.331+0000] {logging_mixin.py:151} INFO - [2025-06-02T17:47:09.331+0000] {dag.py:2915} INFO - Sync 1 DAGs
[2025-06-02T17:47:09.355+0000] {logging_mixin.py:151} INFO - [2025-06-02T17:47:09.354+0000] {dag.py:3696} INFO - Setting next_dagrun for inference_pipeline to 2025-06-02T17:45:35.560065+00:00, run_after=2025-06-03T17:45:35.560065+00:00
[2025-06-02T17:47:09.372+0000] {processor.py:179} INFO - Processing /opt/airflow/dags/inference_dag.py took 0.411 seconds
[2025-06-02T17:47:39.568+0000] {processor.py:157} INFO - Started process (PID=255) to work on /opt/airflow/dags/inference_dag.py
[2025-06-02T17:47:39.569+0000] {processor.py:829} INFO - Processing file /opt/airflow/dags/inference_dag.py for tasks to queue
[2025-06-02T17:47:39.571+0000] {logging_mixin.py:151} INFO - [2025-06-02T17:47:39.571+0000] {dagbag.py:539} INFO - Filling up the DagBag from /opt/airflow/dags/inference_dag.py
[2025-06-02T17:47:39.912+0000] {processor.py:839} INFO - DAG(s) dict_keys(['inference_pipeline']) retrieved from /opt/airflow/dags/inference_dag.py
[2025-06-02T17:47:39.940+0000] {logging_mixin.py:151} INFO - [2025-06-02T17:47:39.939+0000] {dag.py:2915} INFO - Sync 1 DAGs
[2025-06-02T17:47:39.966+0000] {logging_mixin.py:151} INFO - [2025-06-02T17:47:39.965+0000] {dag.py:3696} INFO - Setting next_dagrun for inference_pipeline to 2025-06-02T17:45:35.560065+00:00, run_after=2025-06-03T17:45:35.560065+00:00
[2025-06-02T17:47:39.986+0000] {processor.py:179} INFO - Processing /opt/airflow/dags/inference_dag.py took 0.428 seconds
[2025-06-02T17:48:10.193+0000] {processor.py:157} INFO - Started process (PID=268) to work on /opt/airflow/dags/inference_dag.py
[2025-06-02T17:48:10.194+0000] {processor.py:829} INFO - Processing file /opt/airflow/dags/inference_dag.py for tasks to queue
[2025-06-02T17:48:10.195+0000] {logging_mixin.py:151} INFO - [2025-06-02T17:48:10.195+0000] {dagbag.py:539} INFO - Filling up the DagBag from /opt/airflow/dags/inference_dag.py
[2025-06-02T17:48:10.506+0000] {processor.py:839} INFO - DAG(s) dict_keys(['inference_pipeline']) retrieved from /opt/airflow/dags/inference_dag.py
[2025-06-02T17:48:10.535+0000] {logging_mixin.py:151} INFO - [2025-06-02T17:48:10.535+0000] {dag.py:2915} INFO - Sync 1 DAGs
[2025-06-02T17:48:10.560+0000] {logging_mixin.py:151} INFO - [2025-06-02T17:48:10.560+0000] {dag.py:3696} INFO - Setting next_dagrun for inference_pipeline to 2025-06-02T17:45:35.560065+00:00, run_after=2025-06-03T17:45:35.560065+00:00
[2025-06-02T17:48:10.580+0000] {processor.py:179} INFO - Processing /opt/airflow/dags/inference_dag.py took 0.390 seconds
[2025-06-02T17:48:41.563+0000] {processor.py:157} INFO - Started process (PID=281) to work on /opt/airflow/dags/inference_dag.py
[2025-06-02T17:48:41.564+0000] {processor.py:829} INFO - Processing file /opt/airflow/dags/inference_dag.py for tasks to queue
[2025-06-02T17:48:41.564+0000] {logging_mixin.py:151} INFO - [2025-06-02T17:48:41.564+0000] {dagbag.py:539} INFO - Filling up the DagBag from /opt/airflow/dags/inference_dag.py
[2025-06-02T17:48:41.850+0000] {processor.py:839} INFO - DAG(s) dict_keys(['inference_pipeline']) retrieved from /opt/airflow/dags/inference_dag.py
[2025-06-02T17:48:41.878+0000] {logging_mixin.py:151} INFO - [2025-06-02T17:48:41.878+0000] {dag.py:2915} INFO - Sync 1 DAGs
[2025-06-02T17:48:41.902+0000] {logging_mixin.py:151} INFO - [2025-06-02T17:48:41.902+0000] {dag.py:3696} INFO - Setting next_dagrun for inference_pipeline to 2025-06-02T17:45:35.560065+00:00, run_after=2025-06-03T17:45:35.560065+00:00
[2025-06-02T17:48:41.935+0000] {processor.py:179} INFO - Processing /opt/airflow/dags/inference_dag.py took 0.376 seconds
[2025-06-02T17:49:12.438+0000] {processor.py:157} INFO - Started process (PID=294) to work on /opt/airflow/dags/inference_dag.py
[2025-06-02T17:49:12.439+0000] {processor.py:829} INFO - Processing file /opt/airflow/dags/inference_dag.py for tasks to queue
[2025-06-02T17:49:12.439+0000] {logging_mixin.py:151} INFO - [2025-06-02T17:49:12.439+0000] {dagbag.py:539} INFO - Filling up the DagBag from /opt/airflow/dags/inference_dag.py
[2025-06-02T17:49:12.754+0000] {processor.py:839} INFO - DAG(s) dict_keys(['inference_pipeline']) retrieved from /opt/airflow/dags/inference_dag.py
[2025-06-02T17:49:12.780+0000] {logging_mixin.py:151} INFO - [2025-06-02T17:49:12.780+0000] {dag.py:2915} INFO - Sync 1 DAGs
[2025-06-02T17:49:12.804+0000] {logging_mixin.py:151} INFO - [2025-06-02T17:49:12.803+0000] {dag.py:3696} INFO - Setting next_dagrun for inference_pipeline to 2025-06-02T17:45:35.560065+00:00, run_after=2025-06-03T17:45:35.560065+00:00
[2025-06-02T17:49:12.821+0000] {processor.py:179} INFO - Processing /opt/airflow/dags/inference_dag.py took 0.385 seconds
[2025-06-02T17:49:43.040+0000] {processor.py:157} INFO - Started process (PID=307) to work on /opt/airflow/dags/inference_dag.py
[2025-06-02T17:49:43.041+0000] {processor.py:829} INFO - Processing file /opt/airflow/dags/inference_dag.py for tasks to queue
[2025-06-02T17:49:43.041+0000] {logging_mixin.py:151} INFO - [2025-06-02T17:49:43.041+0000] {dagbag.py:539} INFO - Filling up the DagBag from /opt/airflow/dags/inference_dag.py
[2025-06-02T17:49:43.353+0000] {processor.py:839} INFO - DAG(s) dict_keys(['inference_pipeline']) retrieved from /opt/airflow/dags/inference_dag.py
[2025-06-02T17:49:43.381+0000] {logging_mixin.py:151} INFO - [2025-06-02T17:49:43.381+0000] {dag.py:2915} INFO - Sync 1 DAGs
[2025-06-02T17:49:43.403+0000] {logging_mixin.py:151} INFO - [2025-06-02T17:49:43.403+0000] {dag.py:3696} INFO - Setting next_dagrun for inference_pipeline to 2025-06-02T17:45:35.560065+00:00, run_after=2025-06-03T17:45:35.560065+00:00
[2025-06-02T17:49:43.426+0000] {processor.py:179} INFO - Processing /opt/airflow/dags/inference_dag.py took 0.389 seconds
[2025-06-02T17:50:13.680+0000] {processor.py:157} INFO - Started process (PID=320) to work on /opt/airflow/dags/inference_dag.py
[2025-06-02T17:50:13.680+0000] {processor.py:829} INFO - Processing file /opt/airflow/dags/inference_dag.py for tasks to queue
[2025-06-02T17:50:13.681+0000] {logging_mixin.py:151} INFO - [2025-06-02T17:50:13.681+0000] {dagbag.py:539} INFO - Filling up the DagBag from /opt/airflow/dags/inference_dag.py
[2025-06-02T17:50:14.009+0000] {processor.py:839} INFO - DAG(s) dict_keys(['inference_pipeline']) retrieved from /opt/airflow/dags/inference_dag.py
[2025-06-02T17:50:14.046+0000] {logging_mixin.py:151} INFO - [2025-06-02T17:50:14.046+0000] {dag.py:2915} INFO - Sync 1 DAGs
[2025-06-02T17:50:14.066+0000] {logging_mixin.py:151} INFO - [2025-06-02T17:50:14.066+0000] {dag.py:3696} INFO - Setting next_dagrun for inference_pipeline to 2025-06-02T17:45:35.560065+00:00, run_after=2025-06-03T17:45:35.560065+00:00
[2025-06-02T17:50:14.084+0000] {processor.py:179} INFO - Processing /opt/airflow/dags/inference_dag.py took 0.407 seconds
[2025-06-02T17:50:44.186+0000] {processor.py:157} INFO - Started process (PID=333) to work on /opt/airflow/dags/inference_dag.py
[2025-06-02T17:50:44.187+0000] {processor.py:829} INFO - Processing file /opt/airflow/dags/inference_dag.py for tasks to queue
[2025-06-02T17:50:44.188+0000] {logging_mixin.py:151} INFO - [2025-06-02T17:50:44.188+0000] {dagbag.py:539} INFO - Filling up the DagBag from /opt/airflow/dags/inference_dag.py
[2025-06-02T17:50:44.488+0000] {processor.py:839} INFO - DAG(s) dict_keys(['inference_pipeline']) retrieved from /opt/airflow/dags/inference_dag.py
[2025-06-02T17:50:44.513+0000] {logging_mixin.py:151} INFO - [2025-06-02T17:50:44.513+0000] {dag.py:2915} INFO - Sync 1 DAGs
[2025-06-02T17:50:44.536+0000] {logging_mixin.py:151} INFO - [2025-06-02T17:50:44.536+0000] {dag.py:3696} INFO - Setting next_dagrun for inference_pipeline to 2025-06-02T17:45:35.560065+00:00, run_after=2025-06-03T17:45:35.560065+00:00
[2025-06-02T17:50:44.565+0000] {processor.py:179} INFO - Processing /opt/airflow/dags/inference_dag.py took 0.385 seconds
[2025-06-02T17:51:14.780+0000] {processor.py:157} INFO - Started process (PID=346) to work on /opt/airflow/dags/inference_dag.py
[2025-06-02T17:51:14.780+0000] {processor.py:829} INFO - Processing file /opt/airflow/dags/inference_dag.py for tasks to queue
[2025-06-02T17:51:14.781+0000] {logging_mixin.py:151} INFO - [2025-06-02T17:51:14.781+0000] {dagbag.py:539} INFO - Filling up the DagBag from /opt/airflow/dags/inference_dag.py
[2025-06-02T17:51:15.072+0000] {processor.py:839} INFO - DAG(s) dict_keys(['inference_pipeline']) retrieved from /opt/airflow/dags/inference_dag.py
[2025-06-02T17:51:15.098+0000] {logging_mixin.py:151} INFO - [2025-06-02T17:51:15.098+0000] {dag.py:2915} INFO - Sync 1 DAGs
[2025-06-02T17:51:15.119+0000] {logging_mixin.py:151} INFO - [2025-06-02T17:51:15.119+0000] {dag.py:3696} INFO - Setting next_dagrun for inference_pipeline to 2025-06-02T17:45:35.560065+00:00, run_after=2025-06-03T17:45:35.560065+00:00
[2025-06-02T17:51:15.147+0000] {processor.py:179} INFO - Processing /opt/airflow/dags/inference_dag.py took 0.370 seconds
[2025-06-02T17:51:45.248+0000] {processor.py:157} INFO - Started process (PID=359) to work on /opt/airflow/dags/inference_dag.py
[2025-06-02T17:51:45.249+0000] {processor.py:829} INFO - Processing file /opt/airflow/dags/inference_dag.py for tasks to queue
[2025-06-02T17:51:45.250+0000] {logging_mixin.py:151} INFO - [2025-06-02T17:51:45.250+0000] {dagbag.py:539} INFO - Filling up the DagBag from /opt/airflow/dags/inference_dag.py
[2025-06-02T17:51:45.571+0000] {processor.py:839} INFO - DAG(s) dict_keys(['inference_pipeline']) retrieved from /opt/airflow/dags/inference_dag.py
[2025-06-02T17:51:45.607+0000] {logging_mixin.py:151} INFO - [2025-06-02T17:51:45.606+0000] {dag.py:2915} INFO - Sync 1 DAGs
[2025-06-02T17:51:45.628+0000] {logging_mixin.py:151} INFO - [2025-06-02T17:51:45.628+0000] {dag.py:3696} INFO - Setting next_dagrun for inference_pipeline to 2025-06-02T17:45:35.560065+00:00, run_after=2025-06-03T17:45:35.560065+00:00
[2025-06-02T17:51:45.653+0000] {processor.py:179} INFO - Processing /opt/airflow/dags/inference_dag.py took 0.408 seconds
[2025-06-02T17:52:15.777+0000] {processor.py:157} INFO - Started process (PID=372) to work on /opt/airflow/dags/inference_dag.py
[2025-06-02T17:52:15.778+0000] {processor.py:829} INFO - Processing file /opt/airflow/dags/inference_dag.py for tasks to queue
[2025-06-02T17:52:15.779+0000] {logging_mixin.py:151} INFO - [2025-06-02T17:52:15.779+0000] {dagbag.py:539} INFO - Filling up the DagBag from /opt/airflow/dags/inference_dag.py
[2025-06-02T17:52:16.133+0000] {processor.py:839} INFO - DAG(s) dict_keys(['inference_pipeline']) retrieved from /opt/airflow/dags/inference_dag.py
[2025-06-02T17:52:16.158+0000] {logging_mixin.py:151} INFO - [2025-06-02T17:52:16.158+0000] {dag.py:2915} INFO - Sync 1 DAGs
[2025-06-02T17:52:16.179+0000] {logging_mixin.py:151} INFO - [2025-06-02T17:52:16.179+0000] {dag.py:3696} INFO - Setting next_dagrun for inference_pipeline to 2025-06-02T17:45:35.560065+00:00, run_after=2025-06-03T17:45:35.560065+00:00
[2025-06-02T17:52:16.197+0000] {processor.py:179} INFO - Processing /opt/airflow/dags/inference_dag.py took 0.427 seconds
[2025-06-02T17:52:46.401+0000] {processor.py:157} INFO - Started process (PID=385) to work on /opt/airflow/dags/inference_dag.py
[2025-06-02T17:52:46.402+0000] {processor.py:829} INFO - Processing file /opt/airflow/dags/inference_dag.py for tasks to queue
[2025-06-02T17:52:46.403+0000] {logging_mixin.py:151} INFO - [2025-06-02T17:52:46.403+0000] {dagbag.py:539} INFO - Filling up the DagBag from /opt/airflow/dags/inference_dag.py
[2025-06-02T17:52:46.751+0000] {processor.py:839} INFO - DAG(s) dict_keys(['inference_pipeline']) retrieved from /opt/airflow/dags/inference_dag.py
[2025-06-02T17:52:46.783+0000] {logging_mixin.py:151} INFO - [2025-06-02T17:52:46.782+0000] {dag.py:2915} INFO - Sync 1 DAGs
[2025-06-02T17:52:46.806+0000] {logging_mixin.py:151} INFO - [2025-06-02T17:52:46.806+0000] {dag.py:3696} INFO - Setting next_dagrun for inference_pipeline to 2025-06-02T17:45:35.560065+00:00, run_after=2025-06-03T17:45:35.560065+00:00
[2025-06-02T17:52:46.822+0000] {processor.py:179} INFO - Processing /opt/airflow/dags/inference_dag.py took 0.425 seconds
[2025-06-02T17:53:17.337+0000] {processor.py:157} INFO - Started process (PID=398) to work on /opt/airflow/dags/inference_dag.py
[2025-06-02T17:53:17.338+0000] {processor.py:829} INFO - Processing file /opt/airflow/dags/inference_dag.py for tasks to queue
[2025-06-02T17:53:17.339+0000] {logging_mixin.py:151} INFO - [2025-06-02T17:53:17.338+0000] {dagbag.py:539} INFO - Filling up the DagBag from /opt/airflow/dags/inference_dag.py
[2025-06-02T17:53:17.660+0000] {processor.py:839} INFO - DAG(s) dict_keys(['inference_pipeline']) retrieved from /opt/airflow/dags/inference_dag.py
[2025-06-02T17:53:17.690+0000] {logging_mixin.py:151} INFO - [2025-06-02T17:53:17.689+0000] {dag.py:2915} INFO - Sync 1 DAGs
[2025-06-02T17:53:17.710+0000] {logging_mixin.py:151} INFO - [2025-06-02T17:53:17.709+0000] {dag.py:3696} INFO - Setting next_dagrun for inference_pipeline to 2025-06-02T17:45:35.560065+00:00, run_after=2025-06-03T17:45:35.560065+00:00
[2025-06-02T17:53:17.727+0000] {processor.py:179} INFO - Processing /opt/airflow/dags/inference_dag.py took 0.394 seconds
[2025-06-02T17:53:47.967+0000] {processor.py:157} INFO - Started process (PID=411) to work on /opt/airflow/dags/inference_dag.py
[2025-06-02T17:53:47.968+0000] {processor.py:829} INFO - Processing file /opt/airflow/dags/inference_dag.py for tasks to queue
[2025-06-02T17:53:47.969+0000] {logging_mixin.py:151} INFO - [2025-06-02T17:53:47.968+0000] {dagbag.py:539} INFO - Filling up the DagBag from /opt/airflow/dags/inference_dag.py
[2025-06-02T17:53:48.331+0000] {processor.py:839} INFO - DAG(s) dict_keys(['inference_pipeline']) retrieved from /opt/airflow/dags/inference_dag.py
[2025-06-02T17:53:48.361+0000] {logging_mixin.py:151} INFO - [2025-06-02T17:53:48.360+0000] {dag.py:2915} INFO - Sync 1 DAGs
[2025-06-02T17:53:48.386+0000] {logging_mixin.py:151} INFO - [2025-06-02T17:53:48.386+0000] {dag.py:3696} INFO - Setting next_dagrun for inference_pipeline to 2025-06-02T17:45:35.560065+00:00, run_after=2025-06-03T17:45:35.560065+00:00
[2025-06-02T17:53:48.409+0000] {processor.py:179} INFO - Processing /opt/airflow/dags/inference_dag.py took 0.445 seconds
[2025-06-02T17:54:18.562+0000] {processor.py:157} INFO - Started process (PID=424) to work on /opt/airflow/dags/inference_dag.py
[2025-06-02T17:54:18.562+0000] {processor.py:829} INFO - Processing file /opt/airflow/dags/inference_dag.py for tasks to queue
[2025-06-02T17:54:18.563+0000] {logging_mixin.py:151} INFO - [2025-06-02T17:54:18.563+0000] {dagbag.py:539} INFO - Filling up the DagBag from /opt/airflow/dags/inference_dag.py
[2025-06-02T17:54:18.916+0000] {processor.py:839} INFO - DAG(s) dict_keys(['inference_pipeline']) retrieved from /opt/airflow/dags/inference_dag.py
[2025-06-02T17:54:18.944+0000] {logging_mixin.py:151} INFO - [2025-06-02T17:54:18.944+0000] {dag.py:2915} INFO - Sync 1 DAGs
[2025-06-02T17:54:18.967+0000] {logging_mixin.py:151} INFO - [2025-06-02T17:54:18.967+0000] {dag.py:3696} INFO - Setting next_dagrun for inference_pipeline to 2025-06-02T17:45:35.560065+00:00, run_after=2025-06-03T17:45:35.560065+00:00
[2025-06-02T17:54:18.985+0000] {processor.py:179} INFO - Processing /opt/airflow/dags/inference_dag.py took 0.426 seconds
[2025-06-02T17:54:49.184+0000] {processor.py:157} INFO - Started process (PID=437) to work on /opt/airflow/dags/inference_dag.py
[2025-06-02T17:54:49.185+0000] {processor.py:829} INFO - Processing file /opt/airflow/dags/inference_dag.py for tasks to queue
[2025-06-02T17:54:49.186+0000] {logging_mixin.py:151} INFO - [2025-06-02T17:54:49.186+0000] {dagbag.py:539} INFO - Filling up the DagBag from /opt/airflow/dags/inference_dag.py
[2025-06-02T17:54:49.513+0000] {processor.py:839} INFO - DAG(s) dict_keys(['inference_pipeline']) retrieved from /opt/airflow/dags/inference_dag.py
[2025-06-02T17:54:49.552+0000] {logging_mixin.py:151} INFO - [2025-06-02T17:54:49.550+0000] {dag.py:2915} INFO - Sync 1 DAGs
[2025-06-02T17:54:49.576+0000] {logging_mixin.py:151} INFO - [2025-06-02T17:54:49.576+0000] {dag.py:3696} INFO - Setting next_dagrun for inference_pipeline to 2025-06-02T17:45:35.560065+00:00, run_after=2025-06-03T17:45:35.560065+00:00
[2025-06-02T17:54:49.603+0000] {processor.py:179} INFO - Processing /opt/airflow/dags/inference_dag.py took 0.422 seconds
[2025-06-02T17:55:20.063+0000] {processor.py:157} INFO - Started process (PID=450) to work on /opt/airflow/dags/inference_dag.py
[2025-06-02T17:55:20.063+0000] {processor.py:829} INFO - Processing file /opt/airflow/dags/inference_dag.py for tasks to queue
[2025-06-02T17:55:20.064+0000] {logging_mixin.py:151} INFO - [2025-06-02T17:55:20.064+0000] {dagbag.py:539} INFO - Filling up the DagBag from /opt/airflow/dags/inference_dag.py
[2025-06-02T17:55:20.357+0000] {processor.py:839} INFO - DAG(s) dict_keys(['inference_pipeline']) retrieved from /opt/airflow/dags/inference_dag.py
[2025-06-02T17:55:20.381+0000] {logging_mixin.py:151} INFO - [2025-06-02T17:55:20.381+0000] {dag.py:2915} INFO - Sync 1 DAGs
[2025-06-02T17:55:20.406+0000] {logging_mixin.py:151} INFO - [2025-06-02T17:55:20.405+0000] {dag.py:3696} INFO - Setting next_dagrun for inference_pipeline to 2025-06-02T17:45:35.560065+00:00, run_after=2025-06-03T17:45:35.560065+00:00
[2025-06-02T17:55:20.424+0000] {processor.py:179} INFO - Processing /opt/airflow/dags/inference_dag.py took 0.364 seconds
[2025-06-02T17:55:50.623+0000] {processor.py:157} INFO - Started process (PID=463) to work on /opt/airflow/dags/inference_dag.py
[2025-06-02T17:55:50.624+0000] {processor.py:829} INFO - Processing file /opt/airflow/dags/inference_dag.py for tasks to queue
[2025-06-02T17:55:50.625+0000] {logging_mixin.py:151} INFO - [2025-06-02T17:55:50.624+0000] {dagbag.py:539} INFO - Filling up the DagBag from /opt/airflow/dags/inference_dag.py
[2025-06-02T17:55:51.071+0000] {processor.py:839} INFO - DAG(s) dict_keys(['inference_pipeline']) retrieved from /opt/airflow/dags/inference_dag.py
[2025-06-02T17:55:51.106+0000] {logging_mixin.py:151} INFO - [2025-06-02T17:55:51.106+0000] {dag.py:2915} INFO - Sync 1 DAGs
[2025-06-02T17:55:51.145+0000] {logging_mixin.py:151} INFO - [2025-06-02T17:55:51.145+0000] {dag.py:3696} INFO - Setting next_dagrun for inference_pipeline to 2025-06-02T17:45:35.560065+00:00, run_after=2025-06-03T17:45:35.560065+00:00
[2025-06-02T17:55:51.177+0000] {processor.py:179} INFO - Processing /opt/airflow/dags/inference_dag.py took 0.557 seconds
[2025-06-02T17:56:21.855+0000] {processor.py:157} INFO - Started process (PID=476) to work on /opt/airflow/dags/inference_dag.py
[2025-06-02T17:56:21.856+0000] {processor.py:829} INFO - Processing file /opt/airflow/dags/inference_dag.py for tasks to queue
[2025-06-02T17:56:21.858+0000] {logging_mixin.py:151} INFO - [2025-06-02T17:56:21.857+0000] {dagbag.py:539} INFO - Filling up the DagBag from /opt/airflow/dags/inference_dag.py
[2025-06-02T17:56:22.256+0000] {processor.py:839} INFO - DAG(s) dict_keys(['inference_pipeline']) retrieved from /opt/airflow/dags/inference_dag.py
[2025-06-02T17:56:22.284+0000] {logging_mixin.py:151} INFO - [2025-06-02T17:56:22.283+0000] {dag.py:2915} INFO - Sync 1 DAGs
[2025-06-02T17:56:22.307+0000] {logging_mixin.py:151} INFO - [2025-06-02T17:56:22.307+0000] {dag.py:3696} INFO - Setting next_dagrun for inference_pipeline to 2025-06-02T17:45:35.560065+00:00, run_after=2025-06-03T17:45:35.560065+00:00
[2025-06-02T17:56:22.325+0000] {processor.py:179} INFO - Processing /opt/airflow/dags/inference_dag.py took 0.476 seconds
[2025-06-02T17:56:52.517+0000] {processor.py:157} INFO - Started process (PID=489) to work on /opt/airflow/dags/inference_dag.py
[2025-06-02T17:56:52.517+0000] {processor.py:829} INFO - Processing file /opt/airflow/dags/inference_dag.py for tasks to queue
[2025-06-02T17:56:52.518+0000] {logging_mixin.py:151} INFO - [2025-06-02T17:56:52.518+0000] {dagbag.py:539} INFO - Filling up the DagBag from /opt/airflow/dags/inference_dag.py
[2025-06-02T17:56:52.826+0000] {processor.py:839} INFO - DAG(s) dict_keys(['inference_pipeline']) retrieved from /opt/airflow/dags/inference_dag.py
[2025-06-02T17:56:52.854+0000] {logging_mixin.py:151} INFO - [2025-06-02T17:56:52.854+0000] {dag.py:2915} INFO - Sync 1 DAGs
[2025-06-02T17:56:52.877+0000] {logging_mixin.py:151} INFO - [2025-06-02T17:56:52.877+0000] {dag.py:3696} INFO - Setting next_dagrun for inference_pipeline to 2025-06-02T17:45:35.560065+00:00, run_after=2025-06-03T17:45:35.560065+00:00
[2025-06-02T17:56:52.898+0000] {processor.py:179} INFO - Processing /opt/airflow/dags/inference_dag.py took 0.384 seconds
[2025-06-02T17:57:23.432+0000] {processor.py:157} INFO - Started process (PID=502) to work on /opt/airflow/dags/inference_dag.py
[2025-06-02T17:57:23.433+0000] {processor.py:829} INFO - Processing file /opt/airflow/dags/inference_dag.py for tasks to queue
[2025-06-02T17:57:23.433+0000] {logging_mixin.py:151} INFO - [2025-06-02T17:57:23.433+0000] {dagbag.py:539} INFO - Filling up the DagBag from /opt/airflow/dags/inference_dag.py
[2025-06-02T17:57:23.786+0000] {processor.py:839} INFO - DAG(s) dict_keys(['inference_pipeline']) retrieved from /opt/airflow/dags/inference_dag.py
[2025-06-02T17:57:23.811+0000] {logging_mixin.py:151} INFO - [2025-06-02T17:57:23.811+0000] {dag.py:2915} INFO - Sync 1 DAGs
[2025-06-02T17:57:23.832+0000] {logging_mixin.py:151} INFO - [2025-06-02T17:57:23.832+0000] {dag.py:3696} INFO - Setting next_dagrun for inference_pipeline to 2025-06-02T17:45:35.560065+00:00, run_after=2025-06-03T17:45:35.560065+00:00
[2025-06-02T17:57:23.855+0000] {processor.py:179} INFO - Processing /opt/airflow/dags/inference_dag.py took 0.426 seconds
[2025-06-02T17:57:54.037+0000] {processor.py:157} INFO - Started process (PID=515) to work on /opt/airflow/dags/inference_dag.py
[2025-06-02T17:57:54.038+0000] {processor.py:829} INFO - Processing file /opt/airflow/dags/inference_dag.py for tasks to queue
[2025-06-02T17:57:54.039+0000] {logging_mixin.py:151} INFO - [2025-06-02T17:57:54.039+0000] {dagbag.py:539} INFO - Filling up the DagBag from /opt/airflow/dags/inference_dag.py
[2025-06-02T17:57:54.351+0000] {processor.py:839} INFO - DAG(s) dict_keys(['inference_pipeline']) retrieved from /opt/airflow/dags/inference_dag.py
[2025-06-02T17:57:54.386+0000] {logging_mixin.py:151} INFO - [2025-06-02T17:57:54.384+0000] {dag.py:2915} INFO - Sync 1 DAGs
[2025-06-02T17:57:54.407+0000] {logging_mixin.py:151} INFO - [2025-06-02T17:57:54.407+0000] {dag.py:3696} INFO - Setting next_dagrun for inference_pipeline to 2025-06-02T17:45:35.560065+00:00, run_after=2025-06-03T17:45:35.560065+00:00
[2025-06-02T17:57:54.431+0000] {processor.py:179} INFO - Processing /opt/airflow/dags/inference_dag.py took 0.397 seconds
[2025-06-02T17:58:25.325+0000] {processor.py:157} INFO - Started process (PID=528) to work on /opt/airflow/dags/inference_dag.py
[2025-06-02T17:58:25.326+0000] {processor.py:829} INFO - Processing file /opt/airflow/dags/inference_dag.py for tasks to queue
[2025-06-02T17:58:25.326+0000] {logging_mixin.py:151} INFO - [2025-06-02T17:58:25.326+0000] {dagbag.py:539} INFO - Filling up the DagBag from /opt/airflow/dags/inference_dag.py
[2025-06-02T17:58:25.624+0000] {processor.py:839} INFO - DAG(s) dict_keys(['inference_pipeline']) retrieved from /opt/airflow/dags/inference_dag.py
[2025-06-02T17:58:25.651+0000] {logging_mixin.py:151} INFO - [2025-06-02T17:58:25.651+0000] {dag.py:2915} INFO - Sync 1 DAGs
[2025-06-02T17:58:25.673+0000] {logging_mixin.py:151} INFO - [2025-06-02T17:58:25.672+0000] {dag.py:3696} INFO - Setting next_dagrun for inference_pipeline to 2025-06-02T17:45:35.560065+00:00, run_after=2025-06-03T17:45:35.560065+00:00
[2025-06-02T17:58:25.691+0000] {processor.py:179} INFO - Processing /opt/airflow/dags/inference_dag.py took 0.369 seconds
[2025-06-02T17:58:56.603+0000] {processor.py:157} INFO - Started process (PID=541) to work on /opt/airflow/dags/inference_dag.py
[2025-06-02T17:58:56.604+0000] {processor.py:829} INFO - Processing file /opt/airflow/dags/inference_dag.py for tasks to queue
[2025-06-02T17:58:56.605+0000] {logging_mixin.py:151} INFO - [2025-06-02T17:58:56.604+0000] {dagbag.py:539} INFO - Filling up the DagBag from /opt/airflow/dags/inference_dag.py
[2025-06-02T17:58:56.927+0000] {processor.py:839} INFO - DAG(s) dict_keys(['inference_pipeline']) retrieved from /opt/airflow/dags/inference_dag.py
[2025-06-02T17:58:56.964+0000] {logging_mixin.py:151} INFO - [2025-06-02T17:58:56.964+0000] {dag.py:2915} INFO - Sync 1 DAGs
[2025-06-02T17:58:56.990+0000] {logging_mixin.py:151} INFO - [2025-06-02T17:58:56.990+0000] {dag.py:3696} INFO - Setting next_dagrun for inference_pipeline to 2025-06-02T17:45:35.560065+00:00, run_after=2025-06-03T17:45:35.560065+00:00
[2025-06-02T17:58:57.013+0000] {processor.py:179} INFO - Processing /opt/airflow/dags/inference_dag.py took 0.413 seconds
[2025-06-02T17:59:27.091+0000] {processor.py:157} INFO - Started process (PID=554) to work on /opt/airflow/dags/inference_dag.py
[2025-06-02T17:59:27.093+0000] {processor.py:829} INFO - Processing file /opt/airflow/dags/inference_dag.py for tasks to queue
[2025-06-02T17:59:27.094+0000] {logging_mixin.py:151} INFO - [2025-06-02T17:59:27.093+0000] {dagbag.py:539} INFO - Filling up the DagBag from /opt/airflow/dags/inference_dag.py
[2025-06-02T17:59:27.482+0000] {processor.py:839} INFO - DAG(s) dict_keys(['inference_pipeline']) retrieved from /opt/airflow/dags/inference_dag.py
[2025-06-02T17:59:27.513+0000] {logging_mixin.py:151} INFO - [2025-06-02T17:59:27.511+0000] {dag.py:2915} INFO - Sync 1 DAGs
[2025-06-02T17:59:27.548+0000] {logging_mixin.py:151} INFO - [2025-06-02T17:59:27.548+0000] {dag.py:3696} INFO - Setting next_dagrun for inference_pipeline to 2025-06-02T17:45:35.560065+00:00, run_after=2025-06-03T17:45:35.560065+00:00
[2025-06-02T17:59:27.582+0000] {processor.py:179} INFO - Processing /opt/airflow/dags/inference_dag.py took 0.499 seconds
[2025-06-02T17:59:57.737+0000] {processor.py:157} INFO - Started process (PID=567) to work on /opt/airflow/dags/inference_dag.py
[2025-06-02T17:59:57.737+0000] {processor.py:829} INFO - Processing file /opt/airflow/dags/inference_dag.py for tasks to queue
[2025-06-02T17:59:57.738+0000] {logging_mixin.py:151} INFO - [2025-06-02T17:59:57.738+0000] {dagbag.py:539} INFO - Filling up the DagBag from /opt/airflow/dags/inference_dag.py
[2025-06-02T17:59:58.096+0000] {processor.py:839} INFO - DAG(s) dict_keys(['inference_pipeline']) retrieved from /opt/airflow/dags/inference_dag.py
[2025-06-02T17:59:58.125+0000] {logging_mixin.py:151} INFO - [2025-06-02T17:59:58.124+0000] {dag.py:2915} INFO - Sync 1 DAGs
[2025-06-02T17:59:58.147+0000] {logging_mixin.py:151} INFO - [2025-06-02T17:59:58.146+0000] {dag.py:3696} INFO - Setting next_dagrun for inference_pipeline to 2025-06-02T17:45:35.560065+00:00, run_after=2025-06-03T17:45:35.560065+00:00
[2025-06-02T17:59:58.165+0000] {processor.py:179} INFO - Processing /opt/airflow/dags/inference_dag.py took 0.431 seconds
[2025-06-02T18:00:28.914+0000] {processor.py:157} INFO - Started process (PID=580) to work on /opt/airflow/dags/inference_dag.py
[2025-06-02T18:00:28.915+0000] {processor.py:829} INFO - Processing file /opt/airflow/dags/inference_dag.py for tasks to queue
[2025-06-02T18:00:28.916+0000] {logging_mixin.py:151} INFO - [2025-06-02T18:00:28.916+0000] {dagbag.py:539} INFO - Filling up the DagBag from /opt/airflow/dags/inference_dag.py
[2025-06-02T18:00:29.222+0000] {processor.py:839} INFO - DAG(s) dict_keys(['inference_pipeline']) retrieved from /opt/airflow/dags/inference_dag.py
[2025-06-02T18:00:29.248+0000] {logging_mixin.py:151} INFO - [2025-06-02T18:00:29.248+0000] {dag.py:2915} INFO - Sync 1 DAGs
[2025-06-02T18:00:29.269+0000] {logging_mixin.py:151} INFO - [2025-06-02T18:00:29.269+0000] {dag.py:3696} INFO - Setting next_dagrun for inference_pipeline to 2025-06-02T17:45:35.560065+00:00, run_after=2025-06-03T17:45:35.560065+00:00
[2025-06-02T18:00:29.306+0000] {processor.py:179} INFO - Processing /opt/airflow/dags/inference_dag.py took 0.395 seconds
[2025-06-02T18:00:59.499+0000] {processor.py:157} INFO - Started process (PID=593) to work on /opt/airflow/dags/inference_dag.py
[2025-06-02T18:00:59.500+0000] {processor.py:829} INFO - Processing file /opt/airflow/dags/inference_dag.py for tasks to queue
[2025-06-02T18:00:59.502+0000] {logging_mixin.py:151} INFO - [2025-06-02T18:00:59.501+0000] {dagbag.py:539} INFO - Filling up the DagBag from /opt/airflow/dags/inference_dag.py
[2025-06-02T18:00:59.810+0000] {processor.py:839} INFO - DAG(s) dict_keys(['inference_pipeline']) retrieved from /opt/airflow/dags/inference_dag.py
[2025-06-02T18:00:59.836+0000] {logging_mixin.py:151} INFO - [2025-06-02T18:00:59.835+0000] {dag.py:2915} INFO - Sync 1 DAGs
[2025-06-02T18:00:59.860+0000] {logging_mixin.py:151} INFO - [2025-06-02T18:00:59.859+0000] {dag.py:3696} INFO - Setting next_dagrun for inference_pipeline to 2025-06-02T17:45:35.560065+00:00, run_after=2025-06-03T17:45:35.560065+00:00
[2025-06-02T18:00:59.892+0000] {processor.py:179} INFO - Processing /opt/airflow/dags/inference_dag.py took 0.396 seconds
[2025-06-02T18:01:30.709+0000] {processor.py:157} INFO - Started process (PID=606) to work on /opt/airflow/dags/inference_dag.py
[2025-06-02T18:01:30.709+0000] {processor.py:829} INFO - Processing file /opt/airflow/dags/inference_dag.py for tasks to queue
[2025-06-02T18:01:30.710+0000] {logging_mixin.py:151} INFO - [2025-06-02T18:01:30.710+0000] {dagbag.py:539} INFO - Filling up the DagBag from /opt/airflow/dags/inference_dag.py
[2025-06-02T18:01:31.023+0000] {processor.py:839} INFO - DAG(s) dict_keys(['inference_pipeline']) retrieved from /opt/airflow/dags/inference_dag.py
[2025-06-02T18:01:31.049+0000] {logging_mixin.py:151} INFO - [2025-06-02T18:01:31.049+0000] {dag.py:2915} INFO - Sync 1 DAGs
[2025-06-02T18:01:31.073+0000] {logging_mixin.py:151} INFO - [2025-06-02T18:01:31.072+0000] {dag.py:3696} INFO - Setting next_dagrun for inference_pipeline to 2025-06-02T17:45:35.560065+00:00, run_after=2025-06-03T17:45:35.560065+00:00
[2025-06-02T18:01:31.093+0000] {processor.py:179} INFO - Processing /opt/airflow/dags/inference_dag.py took 0.388 seconds
[2025-06-02T18:02:01.332+0000] {processor.py:157} INFO - Started process (PID=619) to work on /opt/airflow/dags/inference_dag.py
[2025-06-02T18:02:01.334+0000] {processor.py:829} INFO - Processing file /opt/airflow/dags/inference_dag.py for tasks to queue
[2025-06-02T18:02:01.336+0000] {logging_mixin.py:151} INFO - [2025-06-02T18:02:01.336+0000] {dagbag.py:539} INFO - Filling up the DagBag from /opt/airflow/dags/inference_dag.py
[2025-06-02T18:02:01.827+0000] {processor.py:839} INFO - DAG(s) dict_keys(['inference_pipeline']) retrieved from /opt/airflow/dags/inference_dag.py
[2025-06-02T18:02:01.876+0000] {logging_mixin.py:151} INFO - [2025-06-02T18:02:01.874+0000] {dag.py:2915} INFO - Sync 1 DAGs
[2025-06-02T18:02:01.913+0000] {logging_mixin.py:151} INFO - [2025-06-02T18:02:01.913+0000] {dag.py:3696} INFO - Setting next_dagrun for inference_pipeline to 2025-06-02T17:45:35.560065+00:00, run_after=2025-06-03T17:45:35.560065+00:00
[2025-06-02T18:02:01.968+0000] {processor.py:179} INFO - Processing /opt/airflow/dags/inference_dag.py took 0.643 seconds
