[2025-06-02T17:11:22.961+0000] {logging_mixin.py:151} INFO - Changing /opt/***/logs/dag_id=inference_pipeline/run_id=scheduled__2025-06-01T17:11:07.006818+00:00/task_id=load_inference_data permission to 509
[2025-06-02T17:11:22.962+0000] {logging_mixin.py:151} INFO - Failed to change /opt/***/logs/dag_id=inference_pipeline/run_id=scheduled__2025-06-01T17:11:07.006818+00:00/task_id=load_inference_data permission to 509: [Errno 1] Operation not permitted: '/opt/***/logs/dag_id=inference_pipeline/run_id=scheduled__2025-06-01T17:11:07.006818+00:00/task_id=load_inference_data'
[2025-06-02T17:11:23.031+0000] {logging_mixin.py:151} INFO - Changing /opt/***/logs/dag_id=inference_pipeline/run_id=scheduled__2025-06-01T17:11:07.006818+00:00/task_id=load_inference_data permission to 509
[2025-06-02T17:11:23.032+0000] {logging_mixin.py:151} INFO - Failed to change /opt/***/logs/dag_id=inference_pipeline/run_id=scheduled__2025-06-01T17:11:07.006818+00:00/task_id=load_inference_data permission to 509: [Errno 1] Operation not permitted: '/opt/***/logs/dag_id=inference_pipeline/run_id=scheduled__2025-06-01T17:11:07.006818+00:00/task_id=load_inference_data'
[2025-06-02T17:11:23.188+0000] {taskinstance.py:1157} INFO - Dependencies all met for dep_context=non-requeueable deps ti=<TaskInstance: inference_pipeline.load_inference_data scheduled__2025-06-01T17:11:07.006818+00:00 [queued]>
[2025-06-02T17:11:23.197+0000] {taskinstance.py:1157} INFO - Dependencies all met for dep_context=requeueable deps ti=<TaskInstance: inference_pipeline.load_inference_data scheduled__2025-06-01T17:11:07.006818+00:00 [queued]>
[2025-06-02T17:11:23.197+0000] {taskinstance.py:1359} INFO - Starting attempt 1 of 2
[2025-06-02T17:11:23.215+0000] {taskinstance.py:1380} INFO - Executing <Task(PythonOperator): load_inference_data> on 2025-06-01 17:11:07.006818+00:00
[2025-06-02T17:11:23.221+0000] {standard_task_runner.py:57} INFO - Started process 331 to run task
[2025-06-02T17:11:23.225+0000] {standard_task_runner.py:84} INFO - Running: ['***', 'tasks', 'run', 'inference_pipeline', 'load_inference_data', 'scheduled__2025-06-01T17:11:07.006818+00:00', '--job-id', '2', '--raw', '--subdir', 'DAGS_FOLDER/inference_dag.py', '--cfg-path', '/tmp/tmp3i9pej3l']
[2025-06-02T17:11:23.228+0000] {standard_task_runner.py:85} INFO - Job 2: Subtask load_inference_data
[2025-06-02T17:11:23.284+0000] {logging_mixin.py:151} INFO - Changing /opt/***/logs/dag_id=inference_pipeline/run_id=scheduled__2025-06-01T17:11:07.006818+00:00/task_id=load_inference_data permission to 509
[2025-06-02T17:11:23.285+0000] {logging_mixin.py:151} INFO - Failed to change /opt/***/logs/dag_id=inference_pipeline/run_id=scheduled__2025-06-01T17:11:07.006818+00:00/task_id=load_inference_data permission to 509: [Errno 1] Operation not permitted: '/opt/***/logs/dag_id=inference_pipeline/run_id=scheduled__2025-06-01T17:11:07.006818+00:00/task_id=load_inference_data'
[2025-06-02T17:11:23.286+0000] {task_command.py:415} INFO - Running <TaskInstance: inference_pipeline.load_inference_data scheduled__2025-06-01T17:11:07.006818+00:00 [running]> on host aaa95e2cbf82
[2025-06-02T17:11:23.367+0000] {taskinstance.py:1660} INFO - Exporting env vars: AIRFLOW_CTX_DAG_OWNER='***' AIRFLOW_CTX_DAG_ID='inference_pipeline' AIRFLOW_CTX_TASK_ID='load_inference_data' AIRFLOW_CTX_EXECUTION_DATE='2025-06-01T17:11:07.006818+00:00' AIRFLOW_CTX_TRY_NUMBER='1' AIRFLOW_CTX_DAG_RUN_ID='scheduled__2025-06-01T17:11:07.006818+00:00'
[2025-06-02T17:11:23.394+0000] {logging_mixin.py:151} INFO - Данные для инференса сохранены в /opt/***/data/inference_data.csv
[2025-06-02T17:11:23.395+0000] {python.py:194} INFO - Done. Returned value was: /opt/***/data/inference_data.csv
[2025-06-02T17:11:23.456+0000] {taskinstance.py:1398} INFO - Marking task as SUCCESS. dag_id=inference_pipeline, task_id=load_inference_data, execution_date=20250601T171107, start_date=20250602T171123, end_date=20250602T171123
[2025-06-02T17:11:23.520+0000] {local_task_job_runner.py:228} INFO - Task exited with return code 0
[2025-06-02T17:11:23.545+0000] {taskinstance.py:2776} INFO - 1 downstream tasks scheduled from follow-on schedule check
