[2025-06-02T17:45:56.369+0000] {logging_mixin.py:151} INFO - Changing /opt/***/logs/dag_id=training_pipeline/run_id=scheduled__2025-06-01T17:45:38.549225+00:00/task_id=train_model permission to 509
[2025-06-02T17:45:56.370+0000] {logging_mixin.py:151} INFO - Failed to change /opt/***/logs/dag_id=training_pipeline/run_id=scheduled__2025-06-01T17:45:38.549225+00:00/task_id=train_model permission to 509: [Errno 1] Operation not permitted: '/opt/***/logs/dag_id=training_pipeline/run_id=scheduled__2025-06-01T17:45:38.549225+00:00/task_id=train_model'
[2025-06-02T17:45:56.403+0000] {logging_mixin.py:151} INFO - Changing /opt/***/logs/dag_id=training_pipeline/run_id=scheduled__2025-06-01T17:45:38.549225+00:00/task_id=train_model permission to 509
[2025-06-02T17:45:56.403+0000] {logging_mixin.py:151} INFO - Failed to change /opt/***/logs/dag_id=training_pipeline/run_id=scheduled__2025-06-01T17:45:38.549225+00:00/task_id=train_model permission to 509: [Errno 1] Operation not permitted: '/opt/***/logs/dag_id=training_pipeline/run_id=scheduled__2025-06-01T17:45:38.549225+00:00/task_id=train_model'
[2025-06-02T17:45:56.466+0000] {taskinstance.py:1157} INFO - Dependencies all met for dep_context=non-requeueable deps ti=<TaskInstance: training_pipeline.train_model scheduled__2025-06-01T17:45:38.549225+00:00 [queued]>
[2025-06-02T17:45:56.481+0000] {taskinstance.py:1157} INFO - Dependencies all met for dep_context=requeueable deps ti=<TaskInstance: training_pipeline.train_model scheduled__2025-06-01T17:45:38.549225+00:00 [queued]>
[2025-06-02T17:45:56.482+0000] {taskinstance.py:1359} INFO - Starting attempt 1 of 2
[2025-06-02T17:45:56.508+0000] {taskinstance.py:1380} INFO - Executing <Task(PythonOperator): train_model> on 2025-06-01 17:45:38.549225+00:00
[2025-06-02T17:45:56.514+0000] {standard_task_runner.py:57} INFO - Started process 208 to run task
[2025-06-02T17:45:56.519+0000] {standard_task_runner.py:84} INFO - Running: ['***', 'tasks', 'run', 'training_pipeline', 'train_model', 'scheduled__2025-06-01T17:45:38.549225+00:00', '--job-id', '7', '--raw', '--subdir', 'DAGS_FOLDER/training_dag.py', '--cfg-path', '/tmp/tmp6mmsu3n2']
[2025-06-02T17:45:56.522+0000] {standard_task_runner.py:85} INFO - Job 7: Subtask train_model
[2025-06-02T17:45:56.634+0000] {logging_mixin.py:151} INFO - Changing /opt/***/logs/dag_id=training_pipeline/run_id=scheduled__2025-06-01T17:45:38.549225+00:00/task_id=train_model permission to 509
[2025-06-02T17:45:56.634+0000] {logging_mixin.py:151} INFO - Failed to change /opt/***/logs/dag_id=training_pipeline/run_id=scheduled__2025-06-01T17:45:38.549225+00:00/task_id=train_model permission to 509: [Errno 1] Operation not permitted: '/opt/***/logs/dag_id=training_pipeline/run_id=scheduled__2025-06-01T17:45:38.549225+00:00/task_id=train_model'
[2025-06-02T17:45:56.636+0000] {task_command.py:415} INFO - Running <TaskInstance: training_pipeline.train_model scheduled__2025-06-01T17:45:38.549225+00:00 [running]> on host 959207c5aef9
[2025-06-02T17:45:56.710+0000] {taskinstance.py:1660} INFO - Exporting env vars: AIRFLOW_CTX_DAG_OWNER='***' AIRFLOW_CTX_DAG_ID='training_pipeline' AIRFLOW_CTX_TASK_ID='train_model' AIRFLOW_CTX_EXECUTION_DATE='2025-06-01T17:45:38.549225+00:00' AIRFLOW_CTX_TRY_NUMBER='1' AIRFLOW_CTX_DAG_RUN_ID='scheduled__2025-06-01T17:45:38.549225+00:00'
[2025-06-02T17:45:57.127+0000] {logging_mixin.py:151} INFO - Модель сохранена в /opt/***/data/model.pkl
[2025-06-02T17:45:57.128+0000] {python.py:194} INFO - Done. Returned value was: /opt/***/data/model.pkl
[2025-06-02T17:45:57.151+0000] {taskinstance.py:1398} INFO - Marking task as SUCCESS. dag_id=training_pipeline, task_id=train_model, execution_date=20250601T174538, start_date=20250602T174556, end_date=20250602T174557
[2025-06-02T17:45:57.191+0000] {local_task_job_runner.py:228} INFO - Task exited with return code 0
[2025-06-02T17:45:57.210+0000] {taskinstance.py:2776} INFO - 1 downstream tasks scheduled from follow-on schedule check
