[2025-06-02T17:45:44.852+0000] {logging_mixin.py:151} INFO - Changing /opt/***/logs/dag_id=inference_pipeline/run_id=scheduled__2025-06-01T17:45:35.560065+00:00/task_id=load_inference_data permission to 509
[2025-06-02T17:45:44.852+0000] {logging_mixin.py:151} INFO - Failed to change /opt/***/logs/dag_id=inference_pipeline/run_id=scheduled__2025-06-01T17:45:35.560065+00:00/task_id=load_inference_data permission to 509: [Errno 1] Operation not permitted: '/opt/***/logs/dag_id=inference_pipeline/run_id=scheduled__2025-06-01T17:45:35.560065+00:00/task_id=load_inference_data'
[2025-06-02T17:45:44.955+0000] {logging_mixin.py:151} INFO - Changing /opt/***/logs/dag_id=inference_pipeline/run_id=scheduled__2025-06-01T17:45:35.560065+00:00/task_id=load_inference_data permission to 509
[2025-06-02T17:45:44.956+0000] {logging_mixin.py:151} INFO - Failed to change /opt/***/logs/dag_id=inference_pipeline/run_id=scheduled__2025-06-01T17:45:35.560065+00:00/task_id=load_inference_data permission to 509: [Errno 1] Operation not permitted: '/opt/***/logs/dag_id=inference_pipeline/run_id=scheduled__2025-06-01T17:45:35.560065+00:00/task_id=load_inference_data'
[2025-06-02T17:45:45.076+0000] {taskinstance.py:1157} INFO - Dependencies all met for dep_context=non-requeueable deps ti=<TaskInstance: inference_pipeline.load_inference_data scheduled__2025-06-01T17:45:35.560065+00:00 [queued]>
[2025-06-02T17:45:45.130+0000] {taskinstance.py:1157} INFO - Dependencies all met for dep_context=requeueable deps ti=<TaskInstance: inference_pipeline.load_inference_data scheduled__2025-06-01T17:45:35.560065+00:00 [queued]>
[2025-06-02T17:45:45.131+0000] {taskinstance.py:1359} INFO - Starting attempt 1 of 2
[2025-06-02T17:45:45.294+0000] {taskinstance.py:1380} INFO - Executing <Task(PythonOperator): load_inference_data> on 2025-06-01 17:45:35.560065+00:00
[2025-06-02T17:45:45.300+0000] {standard_task_runner.py:57} INFO - Started process 191 to run task
[2025-06-02T17:45:45.306+0000] {standard_task_runner.py:84} INFO - Running: ['***', 'tasks', 'run', 'inference_pipeline', 'load_inference_data', 'scheduled__2025-06-01T17:45:35.560065+00:00', '--job-id', '2', '--raw', '--subdir', 'DAGS_FOLDER/inference_dag.py', '--cfg-path', '/tmp/tmp74hd_fbx']
[2025-06-02T17:45:45.309+0000] {standard_task_runner.py:85} INFO - Job 2: Subtask load_inference_data
[2025-06-02T17:45:45.392+0000] {logging_mixin.py:151} INFO - Changing /opt/***/logs/dag_id=inference_pipeline/run_id=scheduled__2025-06-01T17:45:35.560065+00:00/task_id=load_inference_data permission to 509
[2025-06-02T17:45:45.393+0000] {logging_mixin.py:151} INFO - Failed to change /opt/***/logs/dag_id=inference_pipeline/run_id=scheduled__2025-06-01T17:45:35.560065+00:00/task_id=load_inference_data permission to 509: [Errno 1] Operation not permitted: '/opt/***/logs/dag_id=inference_pipeline/run_id=scheduled__2025-06-01T17:45:35.560065+00:00/task_id=load_inference_data'
[2025-06-02T17:45:45.394+0000] {task_command.py:415} INFO - Running <TaskInstance: inference_pipeline.load_inference_data scheduled__2025-06-01T17:45:35.560065+00:00 [running]> on host 959207c5aef9
[2025-06-02T17:45:45.496+0000] {taskinstance.py:1660} INFO - Exporting env vars: AIRFLOW_CTX_DAG_OWNER='***' AIRFLOW_CTX_DAG_ID='inference_pipeline' AIRFLOW_CTX_TASK_ID='load_inference_data' AIRFLOW_CTX_EXECUTION_DATE='2025-06-01T17:45:35.560065+00:00' AIRFLOW_CTX_TRY_NUMBER='1' AIRFLOW_CTX_DAG_RUN_ID='scheduled__2025-06-01T17:45:35.560065+00:00'
[2025-06-02T17:45:45.528+0000] {logging_mixin.py:151} INFO - Данные для инференса сохранены в /opt/***/data/inference_data.csv
[2025-06-02T17:45:45.529+0000] {python.py:194} INFO - Done. Returned value was: /opt/***/data/inference_data.csv
[2025-06-02T17:45:45.576+0000] {taskinstance.py:1398} INFO - Marking task as SUCCESS. dag_id=inference_pipeline, task_id=load_inference_data, execution_date=20250601T174535, start_date=20250602T174545, end_date=20250602T174545
[2025-06-02T17:45:45.647+0000] {local_task_job_runner.py:228} INFO - Task exited with return code 0
[2025-06-02T17:45:45.711+0000] {taskinstance.py:2776} INFO - 1 downstream tasks scheduled from follow-on schedule check
